<?xml version="1.0" encoding="UTF-8"?>
<testsuite xmlns:xsi="http://www.w3.org/2001/XMLSchema-instance" xsi:noNamespaceSchemaLocation="https://maven.apache.org/surefire/maven-surefire-plugin/xsd/surefire-test-report-3.0.xsd" version="3.0" name="org.folio.ncip.MainVerticleTest" time="4.895" tests="2" errors="0" skipped="0" failures="0">
  <properties>
[...]
</properties>
  <testcase name="health" classname="org.folio.ncip.MainVerticleTest" time="2.713">
    <system-out><![CDATA[08:14:37 [] [] [] [] INFO  FolioNcipHelper      initializing the XC NCIP Toolkit default properties...
08:14:37 [] [] [] [] INFO  GlobalSettings       Trying to find Dozer configuration file: dozer.properties
08:14:37 [] [] [] [] WARN  GlobalSettings       Dozer configuration file not found: dozer.properties.  Using defaults for all Dozer global properties.
08:14:37 [] [] [] [] INFO  DozerInitializer     Initializing Dozer. Version: 5.3.2, Thread Name: vert.x-eventloop-thread-1
08:14:37 [] [] [] [] INFO  JMXPlatformImpl      Dozer JMX MBean [org.dozer.jmx:type=DozerStatisticsController] auto registered with the Platform MBean Server
08:14:37 [] [] [] [] INFO  JMXPlatformImpl      Dozer JMX MBean [org.dozer.jmx:type=DozerAdminController] auto registered with the Platform MBean Server
08:14:37 [] [] [] [] INFO  DozerBeanMapper      Initializing a new instance of dozer bean mapper.
]]></system-out>
    <system-err><![CDATA[log4j:WARN No appenders could be found for logger (org.folio.ncip.MainVerticle).
log4j:WARN Please initialize the log4j system properly.
log4j:WARN See http://logging.apache.org/log4j/1.2/faq.html#noconfig for more info.
]]></system-err>
  </testcase>
  <testcase name="ncipConfigCheckFailure" classname="org.folio.ncip.MainVerticleTest" time="0.444">
    <system-out><![CDATA[08:14:39 [] [] [] [] INFO  FolioNcipHelper      initializing the XC NCIP Toolkit default properties...
08:14:39 [] [] [] [] INFO  DozerBeanMapper      Initializing a new instance of dozer bean mapper.
08:14:39 [] [] [] [] INFO  FolioNcipHelper      initializing the XC NCIP Toolkit default properties...
08:14:39 [] [] [] [] INFO  DozerBeanMapper      Initializing a new instance of dozer bean mapper.
08:14:39 [] [] [] [] INFO  FolioNcipHelper      Using timeout: 30000
08:14:39 [] [] [] [] FATAL FolioNcipHelper      callApiGet failed
08:14:39 [] [] [] [] FATAL FolioNcipHelper      http://localhost:8082/configurations/entries?query=%28module%3D%3DNCIP%20and%20configName%3C%3Erules%20and%20configName%3C%3Etoolkit%29&limit=200
]]></system-out>
  </testcase>
</testsuite>