<?xml version="1.0" encoding="UTF-8"?>
<testsuite xmlns:xsi="http://www.w3.org/2001/XMLSchema-instance" xsi:noNamespaceSchemaLocation="https://maven.apache.org/surefire/maven-surefire-plugin/xsd/surefire-test-report-3.0.xsd" version="3.0" name="org.folio.ncip.NcipTestSuite" time="14.764" tests="4" errors="0" skipped="0" failures="0">
  <properties>
[...]
</properties>
  <testcase name="callLookupUserAutomatedBlock" classname="org.folio.ncip.LookupUser" time="4.467">
    <system-out><![CDATA[09:31:12 [] [] [] [] INFO  FolioNcipHelper      initializing the XC NCIP Toolkit default properties...
09:31:12 [] [] [] [] INFO  DozerBeanMapper      Initializing a new instance of dozer bean mapper.
09:31:12 [] [lu] [] [mod-ncip] INFO  FolioNcipHelper      ncip process called...
09:31:12 [] [lu] [] [mod-ncip] INFO  FolioNcipHelper      ==========BODY===============
09:31:12 [] [lu] [] [mod-ncip] INFO  FolioNcipHelper      <?xml version="1.0" encoding="UTF-8"?>
<NCIPMessage version="http://www.niso.org/schemas/ncip/v2_0/ncip_v2_0.xsd"
   xmlns="http://www.niso.org/2008/ncip">
  <LookupUser>
  <InitiationHeader>
				<FromAgencyId>
					<AgencyId>Relais</AgencyId>
				</FromAgencyId>
				<ToAgencyId>
					<AgencyId>Lehigh University</AgencyId>
				</ToAgencyId>
   		  </InitiationHeader> 
    <UserId>
      <AgencyId>Relais</AgencyId>
      <UserIdentifierValue>5551214</UserIdentifierValue>
    </UserId>
    <UserElementType>Name Information</UserElementType>
    <UserElementType>User Address Information</UserElementType>
    <UserElementType>User Privilege</UserElementType>
    <UserElementType>User Id</UserElementType>
  </LookupUser>
</NCIPMessage>

09:31:12 [] [lu] [] [mod-ncip] INFO  FolioNcipHelper      Using timeout: 30000
09:31:12 [] [] [] [] ERROR ?                    Unhandled exception in router
java.lang.IllegalStateException: Response head already sent
	at io.vertx.core.http.impl.Http1xServerResponse.checkHeadWritten(Http1xServerResponse.java:687) ~[vertx-core-4.3.8.jar:4.3.8]
	at io.vertx.core.http.impl.Http1xServerResponse.setStatusCode(Http1xServerResponse.java:149) ~[vertx-core-4.3.8.jar:4.3.8]
	at org.folio.ncip.MockServer.serverResponse(MockServer.java:178) ~[test-classes/:?]
	at org.folio.ncip.MockServer.getNcipConfigs(MockServer.java:126) ~[test-classes/:?]
	at io.vertx.ext.web.impl.RouteState.handleContext(RouteState.java:1284) ~[vertx-web-4.3.8.jar:4.3.8]
	at io.vertx.ext.web.impl.RoutingContextImplBase.iterateNext(RoutingContextImplBase.java:177) ~[vertx-web-4.3.8.jar:4.3.8]
	at io.vertx.ext.web.impl.RoutingContextImpl.next(RoutingContextImpl.java:141) ~[vertx-web-4.3.8.jar:4.3.8]
	at io.vertx.ext.web.handler.impl.BodyHandlerImpl.handle(BodyHandlerImpl.java:96) ~[vertx-web-4.3.8.jar:4.3.8]
	at io.vertx.ext.web.handler.impl.BodyHandlerImpl.handle(BodyHandlerImpl.java:46) ~[vertx-web-4.3.8.jar:4.3.8]
	at io.vertx.ext.web.impl.RouteState.handleContext(RouteState.java:1284) ~[vertx-web-4.3.8.jar:4.3.8]
	at io.vertx.ext.web.impl.RoutingContextImplBase.iterateNext(RoutingContextImplBase.java:177) ~[vertx-web-4.3.8.jar:4.3.8]
	at io.vertx.ext.web.impl.RoutingContextImpl.next(RoutingContextImpl.java:141) ~[vertx-web-4.3.8.jar:4.3.8]
	at io.vertx.ext.web.impl.RouterImpl.handle(RouterImpl.java:68) ~[vertx-web-4.3.8.jar:4.3.8]
	at io.vertx.ext.web.impl.RouterImpl.handle(RouterImpl.java:37) ~[vertx-web-4.3.8.jar:4.3.8]
	at io.vertx.core.http.impl.Http1xServerRequestHandler.handle(Http1xServerRequestHandler.java:67) ~[vertx-core-4.3.8.jar:4.3.8]
	at io.vertx.core.http.impl.Http1xServerRequestHandler.handle(Http1xServerRequestHandler.java:30) ~[vertx-core-4.3.8.jar:4.3.8]
	at io.vertx.core.impl.EventLoopContext.emit(EventLoopContext.java:55) ~[vertx-core-4.3.8.jar:4.3.8]
	at io.vertx.core.impl.DuplicatedContext.emit(DuplicatedContext.java:158) ~[vertx-core-4.3.8.jar:4.3.8]
	at io.vertx.core.http.impl.Http1xServerConnection.handleMessage(Http1xServerConnection.java:145) ~[vertx-core-4.3.8.jar:4.3.8]
	at io.vertx.core.net.impl.ConnectionBase.read(ConnectionBase.java:157) ~[vertx-core-4.3.8.jar:4.3.8]
	at io.vertx.core.net.impl.VertxHandler.channelRead(VertxHandler.java:153) ~[vertx-core-4.3.8.jar:4.3.8]
	at io.netty.channel.AbstractChannelHandlerContext.invokeChannelRead(AbstractChannelHandlerContext.java:442) ~[netty-transport-4.1.87.Final.jar:4.1.87.Final]
	at io.netty.channel.AbstractChannelHandlerContext.invokeChannelRead(AbstractChannelHandlerContext.java:420) ~[netty-transport-4.1.87.Final.jar:4.1.87.Final]
	at io.netty.channel.AbstractChannelHandlerContext.fireChannelRead(AbstractChannelHandlerContext.java:412) ~[netty-transport-4.1.87.Final.jar:4.1.87.Final]
	at io.netty.channel.ChannelInboundHandlerAdapter.channelRead(ChannelInboundHandlerAdapter.java:93) ~[netty-transport-4.1.87.Final.jar:4.1.87.Final]
	at io.netty.handler.codec.http.websocketx.extensions.WebSocketServerExtensionHandler.channelRead(WebSocketServerExtensionHandler.java:99) ~[netty-codec-http-4.1.87.Final.jar:4.1.87.Final]
	at io.netty.channel.AbstractChannelHandlerContext.invokeChannelRead(AbstractChannelHandlerContext.java:442) ~[netty-transport-4.1.87.Final.jar:4.1.87.Final]
	at io.netty.channel.AbstractChannelHandlerContext.invokeChannelRead(AbstractChannelHandlerContext.java:420) ~[netty-transport-4.1.87.Final.jar:4.1.87.Final]
	at io.netty.channel.AbstractChannelHandlerContext.fireChannelRead(AbstractChannelHandlerContext.java:412) ~[netty-transport-4.1.87.Final.jar:4.1.87.Final]
	at io.vertx.core.http.impl.Http1xUpgradeToH2CHandler.channelRead(Http1xUpgradeToH2CHandler.java:120) ~[vertx-core-4.3.8.jar:4.3.8]
	at io.netty.channel.AbstractChannelHandlerContext.invokeChannelRead(AbstractChannelHandlerContext.java:444) ~[netty-transport-4.1.87.Final.jar:4.1.87.Final]
	at io.netty.channel.AbstractChannelHandlerContext.invokeChannelRead(AbstractChannelHandlerContext.java:420) ~[netty-transport-4.1.87.Final.jar:4.1.87.Final]
	at io.netty.channel.AbstractChannelHandlerContext.fireChannelRead(AbstractChannelHandlerContext.java:412) ~[netty-transport-4.1.87.Final.jar:4.1.87.Final]
	at io.netty.handler.codec.ByteToMessageDecoder.fireChannelRead(ByteToMessageDecoder.java:346) ~[netty-codec-4.1.87.Final.jar:4.1.87.Final]
	at io.netty.handler.codec.ByteToMessageDecoder.channelRead(ByteToMessageDecoder.java:318) ~[netty-codec-4.1.87.Final.jar:4.1.87.Final]
	at io.netty.channel.AbstractChannelHandlerContext.invokeChannelRead(AbstractChannelHandlerContext.java:444) ~[netty-transport-4.1.87.Final.jar:4.1.87.Final]
	at io.netty.channel.AbstractChannelHandlerContext.invokeChannelRead(AbstractChannelHandlerContext.java:420) ~[netty-transport-4.1.87.Final.jar:4.1.87.Final]
	at io.netty.channel.AbstractChannelHandlerContext.fireChannelRead(AbstractChannelHandlerContext.java:412) ~[netty-transport-4.1.87.Final.jar:4.1.87.Final]
	at io.vertx.core.http.impl.Http1xOrH2CHandler.end(Http1xOrH2CHandler.java:61) ~[vertx-core-4.3.8.jar:4.3.8]
	at io.vertx.core.http.impl.Http1xOrH2CHandler.channelRead(Http1xOrH2CHandler.java:38) ~[vertx-core-4.3.8.jar:4.3.8]
	at io.netty.channel.AbstractChannelHandlerContext.invokeChannelRead(AbstractChannelHandlerContext.java:444) ~[netty-transport-4.1.87.Final.jar:4.1.87.Final]
	at io.netty.channel.AbstractChannelHandlerContext.invokeChannelRead(AbstractChannelHandlerContext.java:420) ~[netty-transport-4.1.87.Final.jar:4.1.87.Final]
	at io.netty.channel.AbstractChannelHandlerContext.fireChannelRead(AbstractChannelHandlerContext.java:412) ~[netty-transport-4.1.87.Final.jar:4.1.87.Final]
	at io.netty.channel.DefaultChannelPipeline$HeadContext.channelRead(DefaultChannelPipeline.java:1410) ~[netty-transport-4.1.87.Final.jar:4.1.87.Final]
	at io.netty.channel.AbstractChannelHandlerContext.invokeChannelRead(AbstractChannelHandlerContext.java:440) ~[netty-transport-4.1.87.Final.jar:4.1.87.Final]
	at io.netty.channel.AbstractChannelHandlerContext.invokeChannelRead(AbstractChannelHandlerContext.java:420) ~[netty-transport-4.1.87.Final.jar:4.1.87.Final]
	at io.netty.channel.DefaultChannelPipeline.fireChannelRead(DefaultChannelPipeline.java:919) ~[netty-transport-4.1.87.Final.jar:4.1.87.Final]
	at io.netty.channel.nio.AbstractNioByteChannel$NioByteUnsafe.read(AbstractNioByteChannel.java:166) ~[netty-transport-4.1.87.Final.jar:4.1.87.Final]
	at io.netty.channel.nio.NioEventLoop.processSelectedKey(NioEventLoop.java:788) ~[netty-transport-4.1.87.Final.jar:4.1.87.Final]
	at io.netty.channel.nio.NioEventLoop.processSelectedKeysOptimized(NioEventLoop.java:724) ~[netty-transport-4.1.87.Final.jar:4.1.87.Final]
	at io.netty.channel.nio.NioEventLoop.processSelectedKeys(NioEventLoop.java:650) ~[netty-transport-4.1.87.Final.jar:4.1.87.Final]
	at io.netty.channel.nio.NioEventLoop.run(NioEventLoop.java:562) ~[netty-transport-4.1.87.Final.jar:4.1.87.Final]
	at io.netty.util.concurrent.SingleThreadEventExecutor$4.run(SingleThreadEventExecutor.java:997) ~[netty-common-4.1.87.Final.jar:4.1.87.Final]
	at io.netty.util.internal.ThreadExecutorMap$2.run(ThreadExecutorMap.java:74) ~[netty-common-4.1.87.Final.jar:4.1.87.Final]
	at io.netty.util.concurrent.FastThreadLocalRunnable.run(FastThreadLocalRunnable.java:30) ~[netty-common-4.1.87.Final.jar:4.1.87.Final]
	at java.lang.Thread.run(Thread.java:829) ~[?:?]
09:31:12 [] [lu] [] [mod-ncip] INFO  FolioNcipHelper      GET:
09:31:12 [] [lu] [] [mod-ncip] INFO  FolioNcipHelper      http://localhost:54452/configurations/entries?query=configName%3Dtoolkit&limit=200
09:31:12 [] [lu] [] [mod-ncip] INFO  FolioNcipHelper      200
09:31:12 [] [lu] [] [mod-ncip] INFO  FolioNcipHelper      {
  "configs": [],
  "totalRecords": 0,
  "resultInfo": {
    "totalRecords": 0,
    "facets": [],
    "diagnostics": []
  }
}

09:31:12 [] [lu] [] [mod-ncip] INFO  FolioNcipHelper      No toolkit configurations found.  Using defaults.  QUERY:http://localhost:54452/configurations/entries?query=configName%3Dtoolkit&limit=200
09:31:12 [] [lu] [] [mod-ncip] INFO  FolioNcipHelper      #accept item
09:31:12 [] [lu] [] [mod-ncip] INFO  FolioNcipHelper      instance.type.name
09:31:12 [] [lu] [] [mod-ncip] INFO  FolioNcipHelper      Using timeout: 30000
09:31:12 [] [lu] [] [mod-ncip] INFO  FolioNcipHelper      GET:
09:31:12 [] [lu] [] [mod-ncip] INFO  FolioNcipHelper      http://localhost:54452/configurations/entries?query=code%3D%3D%22instance.type.name%22&limit=200
09:31:12 [] [lu] [] [mod-ncip] INFO  FolioNcipHelper      200
09:31:12 [] [lu] [] [mod-ncip] INFO  FolioNcipHelper      {
  "configs": [
    {
      "id": "ecb9cf87-adcb-4be7-9253-e8caf8828ee6",
      "module": "NCIP",
      "configName": "Relais",
      "code": "instance.type.name",
      "enabled": true,
      "value": "PALCI",
      "metadata": {
        "createdDate": "2020-03-06T20:24:55.251+0000",
        "createdByUserId": "99999999-9999-1999-8999-999999999901",
        "updatedDate": "2020-03-06T20:24:55.251+0000",
        "updatedByUserId": "99999999-9999-1999-8999-999999999901"
      }
    },
    {
      "id": "ccf38c47-2614-43fa-9da5-82aeb32b6e11",
      "module": "NCIP",
      "configName": "Relais",
      "code": "instance.source",
      "enabled": true,
      "value": "PALCI",
      "metadata": {
        "createdDate": "2020-03-06T20:24:55.279+0000",
        "createdByUserId": "99999999-9999-1999-8999-999999999901",
        "updatedDate": "2020-03-06T20:24:55.279+0000",
        "updatedByUserId": "99999999-9999-1999-8999-999999999901"
      }
    },
    {
      "id": "c41a901e-ce08-4125-acc5-a5ed234f2c5c",
      "module": "NCIP",
      "configName": "Relais",
      "code": "item.material.type.name",
      "enabled": true,
      "value": "PALCI",
      "metadata": {
        "createdDate": "2020-03-06T20:24:55.304+0000",
        "createdByUserId": "99999999-9999-1999-8999-999999999901",
        "updatedDate": "2020-03-06T20:24:55.304+0000",
        "updatedByUserId": "99999999-9999-1999-8999-999999999901"
      }
    },
    {
      "id": "14b4f295-e9d0-4578-aeed-e1df25ce1022",
      "module": "NCIP",
      "configName": "Relais",
      "code": "item.perm.loan.type.name",
      "enabled": true,
      "value": "PALCI",
      "metadata": {
        "createdDate": "2020-03-06T20:24:55.329+0000",
        "createdByUserId": "99999999-9999-1999-8999-999999999901",
        "updatedDate": "2020-03-06T20:24:55.329+0000",
        "updatedByUserId": "99999999-9999-1999-8999-999999999901"
      }
    },
    {
      "id": "17d6ae7f-db78-41d0-827b-37f4e8113696",
      "module": "NCIP",
      "configName": "Relais",
      "code": "item.status.name",
      "enabled": true,
      "value": "Available",
      "metadata": {
        "createdDate": "2020-03-06T20:24:55.353+0000",
        "createdByUserId": "99999999-9999-1999-8999-999999999901",
        "updatedDate": "2020-03-06T20:24:55.353+0000",
        "updatedByUserId": "99999999-9999-1999-8999-999999999901"
      }
    },
    {
      "id": "ab333eac-823a-45bc-b5d8-71b694b1bb62",
      "module": "NCIP",
      "configName": "Relais",
      "code": "item.perm.location.code",
      "enabled": true,
      "value": "PALCI_LEHIGH",
      "metadata": {
        "createdDate": "2020-03-06T20:24:55.380+0000",
        "createdByUserId": "99999999-9999-1999-8999-999999999901",
        "updatedDate": "2020-03-06T20:24:55.380+0000",
        "updatedByUserId": "99999999-9999-1999-8999-999999999901"
      }
    },
    {
      "id": "f5bb149a-8ace-49ce-a2f9-8d3461e58faf",
      "module": "NCIP",
      "configName": "Relais",
      "code": "holdings.perm.location.code",
      "enabled": true,
      "value": "PALCI_LEHIGH",
      "metadata": {
        "createdDate": "2020-03-06T20:24:55.401+0000",
        "createdByUserId": "99999999-9999-1999-8999-999999999901",
        "updatedDate": "2020-03-06T20:24:55.401+0000",
        "updatedByUserId": "99999999-9999-1999-8999-999999999901"
      }
    },
    {
      "id": "ca6f52e1-5b7d-4a63-82f3-3d9b4b965766",
      "module": "NCIP",
      "configName": "Relais",
      "code": "instance.custom.identifier.name",
      "enabled": true,
      "value": "PALCI Request ID",
      "metadata": {
        "createdDate": "2020-03-06T20:24:55.426+0000",
        "createdByUserId": "99999999-9999-1999-8999-999999999901",
        "updatedDate": "2020-03-06T20:24:55.426+0000",
        "updatedByUserId": "99999999-9999-1999-8999-999999999901"
      }
    },
    {
      "id": "f6435c0a-d640-4c3e-b5ea-0b6f857c74f0",
      "module": "NCIP",
      "configName": "Relais",
      "code": "checkout.service.point.code",
      "enabled": true,
      "value": "FAIRCHILD",
      "metadata": {
        "createdDate": "2020-03-06T20:24:55.456+0000",
        "createdByUserId": "99999999-9999-1999-8999-999999999901",
        "updatedDate": "2020-03-06T20:24:55.456+0000",
        "updatedByUserId": "99999999-9999-1999-8999-999999999901"
      }
    },
    {
      "id": "a07bc5a3-7e26-485d-a09a-e72ea4dbdbe3",
      "module": "NCIP",
      "configName": "Relais",
      "code": "checkin.service.point.code",
      "enabled": true,
      "value": "FAIRCHILD",
      "metadata": {
        "createdDate": "2020-03-06T20:24:55.479+0000",
        "createdByUserId": "99999999-9999-1999-8999-999999999901",
        "updatedDate": "2020-03-06T20:24:55.479+0000",
        "updatedByUserId": "99999999-9999-1999-8999-999999999901"
      }
    }
  ],
  "totalRecords": 12,
  "resultInfo": {
    "totalRecords": 12,
    "facets": [],
    "diagnostics": []
  }
}

09:31:12 [] [lu] [] [mod-ncip] INFO  FolioNcipHelper      instance.source
09:31:12 [] [lu] [] [mod-ncip] INFO  FolioNcipHelper      Using timeout: 30000
09:31:12 [] [lu] [] [mod-ncip] INFO  FolioNcipHelper      GET:
09:31:12 [] [lu] [] [mod-ncip] INFO  FolioNcipHelper      http://localhost:54452/configurations/entries?query=code%3D%3D%22instance.source%22&limit=200
09:31:12 [] [lu] [] [mod-ncip] INFO  FolioNcipHelper      200
09:31:12 [] [lu] [] [mod-ncip] INFO  FolioNcipHelper      {
  "configs": [
    {
      "id": "ecb9cf87-adcb-4be7-9253-e8caf8828ee6",
      "module": "NCIP",
      "configName": "Relais",
      "code": "instance.type.name",
      "enabled": true,
      "value": "PALCI",
      "metadata": {
        "createdDate": "2020-03-06T20:24:55.251+0000",
        "createdByUserId": "99999999-9999-1999-8999-999999999901",
        "updatedDate": "2020-03-06T20:24:55.251+0000",
        "updatedByUserId": "99999999-9999-1999-8999-999999999901"
      }
    },
    {
      "id": "ccf38c47-2614-43fa-9da5-82aeb32b6e11",
      "module": "NCIP",
      "configName": "Relais",
      "code": "instance.source",
      "enabled": true,
      "value": "PALCI",
      "metadata": {
        "createdDate": "2020-03-06T20:24:55.279+0000",
        "createdByUserId": "99999999-9999-1999-8999-999999999901",
        "updatedDate": "2020-03-06T20:24:55.279+0000",
        "updatedByUserId": "99999999-9999-1999-8999-999999999901"
      }
    },
    {
      "id": "c41a901e-ce08-4125-acc5-a5ed234f2c5c",
      "module": "NCIP",
      "configName": "Relais",
      "code": "item.material.type.name",
      "enabled": true,
      "value": "PALCI",
      "metadata": {
        "createdDate": "2020-03-06T20:24:55.304+0000",
        "createdByUserId": "99999999-9999-1999-8999-999999999901",
        "updatedDate": "2020-03-06T20:24:55.304+0000",
        "updatedByUserId": "99999999-9999-1999-8999-999999999901"
      }
    },
    {
      "id": "14b4f295-e9d0-4578-aeed-e1df25ce1022",
      "module": "NCIP",
      "configName": "Relais",
      "code": "item.perm.loan.type.name",
      "enabled": true,
      "value": "PALCI",
      "metadata": {
        "createdDate": "2020-03-06T20:24:55.329+0000",
        "createdByUserId": "99999999-9999-1999-8999-999999999901",
        "updatedDate": "2020-03-06T20:24:55.329+0000",
        "updatedByUserId": "99999999-9999-1999-8999-999999999901"
      }
    },
    {
      "id": "17d6ae7f-db78-41d0-827b-37f4e8113696",
      "module": "NCIP",
      "configName": "Relais",
      "code": "item.status.name",
      "enabled": true,
      "value": "Available",
      "metadata": {
        "createdDate": "2020-03-06T20:24:55.353+0000",
        "createdByUserId": "99999999-9999-1999-8999-999999999901",
        "updatedDate": "2020-03-06T20:24:55.353+0000",
        "updatedByUserId": "99999999-9999-1999-8999-999999999901"
      }
    },
    {
      "id": "ab333eac-823a-45bc-b5d8-71b694b1bb62",
      "module": "NCIP",
      "configName": "Relais",
      "code": "item.perm.location.code",
      "enabled": true,
      "value": "PALCI_LEHIGH",
      "metadata": {
        "createdDate": "2020-03-06T20:24:55.380+0000",
        "createdByUserId": "99999999-9999-1999-8999-999999999901",
        "updatedDate": "2020-03-06T20:24:55.380+0000",
        "updatedByUserId": "99999999-9999-1999-8999-999999999901"
      }
    },
    {
      "id": "f5bb149a-8ace-49ce-a2f9-8d3461e58faf",
      "module": "NCIP",
      "configName": "Relais",
      "code": "holdings.perm.location.code",
      "enabled": true,
      "value": "PALCI_LEHIGH",
      "metadata": {
        "createdDate": "2020-03-06T20:24:55.401+0000",
        "createdByUserId": "99999999-9999-1999-8999-999999999901",
        "updatedDate": "2020-03-06T20:24:55.401+0000",
        "updatedByUserId": "99999999-9999-1999-8999-999999999901"
      }
    },
    {
      "id": "ca6f52e1-5b7d-4a63-82f3-3d9b4b965766",
      "module": "NCIP",
      "configName": "Relais",
      "code": "instance.custom.identifier.name",
      "enabled": true,
      "value": "PALCI Request ID",
      "metadata": {
        "createdDate": "2020-03-06T20:24:55.426+0000",
        "createdByUserId": "99999999-9999-1999-8999-999999999901",
        "updatedDate": "2020-03-06T20:24:55.426+0000",
        "updatedByUserId": "99999999-9999-1999-8999-999999999901"
      }
    },
    {
      "id": "f6435c0a-d640-4c3e-b5ea-0b6f857c74f0",
      "module": "NCIP",
      "configName": "Relais",
      "code": "checkout.service.point.code",
      "enabled": true,
      "value": "FAIRCHILD",
      "metadata": {
        "createdDate": "2020-03-06T20:24:55.456+0000",
        "createdByUserId": "99999999-9999-1999-8999-999999999901",
        "updatedDate": "2020-03-06T20:24:55.456+0000",
        "updatedByUserId": "99999999-9999-1999-8999-999999999901"
      }
    },
    {
      "id": "a07bc5a3-7e26-485d-a09a-e72ea4dbdbe3",
      "module": "NCIP",
      "configName": "Relais",
      "code": "checkin.service.point.code",
      "enabled": true,
      "value": "FAIRCHILD",
      "metadata": {
        "createdDate": "2020-03-06T20:24:55.479+0000",
        "createdByUserId": "99999999-9999-1999-8999-999999999901",
        "updatedDate": "2020-03-06T20:24:55.479+0000",
        "updatedByUserId": "99999999-9999-1999-8999-999999999901"
      }
    }
  ],
  "totalRecords": 12,
  "resultInfo": {
    "totalRecords": 12,
    "facets": [],
    "diagnostics": []
  }
}

09:31:12 [] [lu] [] [mod-ncip] INFO  FolioNcipHelper      holdings.source.name=FOLIO
09:31:12 [] [lu] [] [mod-ncip] INFO  FolioNcipHelper      Using timeout: 30000
09:31:12 [] [lu] [] [mod-ncip] INFO  FolioNcipHelper      GET:
09:31:12 [] [lu] [] [mod-ncip] INFO  FolioNcipHelper      http://localhost:54452/configurations/entries?query=code%3D%3D%22holdings.source.name%22&limit=200
09:31:12 [] [lu] [] [mod-ncip] INFO  FolioNcipHelper      200
09:31:12 [] [lu] [] [mod-ncip] INFO  FolioNcipHelper      {
  "configs": [
    {
      "id": "ecb9cf87-adcb-4be7-9253-e8caf8828ee6",
      "module": "NCIP",
      "configName": "Relais",
      "code": "instance.type.name",
      "enabled": true,
      "value": "PALCI",
      "metadata": {
        "createdDate": "2020-03-06T20:24:55.251+0000",
        "createdByUserId": "99999999-9999-1999-8999-999999999901",
        "updatedDate": "2020-03-06T20:24:55.251+0000",
        "updatedByUserId": "99999999-9999-1999-8999-999999999901"
      }
    },
    {
      "id": "ccf38c47-2614-43fa-9da5-82aeb32b6e11",
      "module": "NCIP",
      "configName": "Relais",
      "code": "instance.source",
      "enabled": true,
      "value": "PALCI",
      "metadata": {
        "createdDate": "2020-03-06T20:24:55.279+0000",
        "createdByUserId": "99999999-9999-1999-8999-999999999901",
        "updatedDate": "2020-03-06T20:24:55.279+0000",
        "updatedByUserId": "99999999-9999-1999-8999-999999999901"
      }
    },
    {
      "id": "c41a901e-ce08-4125-acc5-a5ed234f2c5c",
      "module": "NCIP",
      "configName": "Relais",
      "code": "item.material.type.name",
      "enabled": true,
      "value": "PALCI",
      "metadata": {
        "createdDate": "2020-03-06T20:24:55.304+0000",
        "createdByUserId": "99999999-9999-1999-8999-999999999901",
        "updatedDate": "2020-03-06T20:24:55.304+0000",
        "updatedByUserId": "99999999-9999-1999-8999-999999999901"
      }
    },
    {
      "id": "14b4f295-e9d0-4578-aeed-e1df25ce1022",
      "module": "NCIP",
      "configName": "Relais",
      "code": "item.perm.loan.type.name",
      "enabled": true,
      "value": "PALCI",
      "metadata": {
        "createdDate": "2020-03-06T20:24:55.329+0000",
        "createdByUserId": "99999999-9999-1999-8999-999999999901",
        "updatedDate": "2020-03-06T20:24:55.329+0000",
        "updatedByUserId": "99999999-9999-1999-8999-999999999901"
      }
    },
    {
      "id": "17d6ae7f-db78-41d0-827b-37f4e8113696",
      "module": "NCIP",
      "configName": "Relais",
      "code": "item.status.name",
      "enabled": true,
      "value": "Available",
      "metadata": {
        "createdDate": "2020-03-06T20:24:55.353+0000",
        "createdByUserId": "99999999-9999-1999-8999-999999999901",
        "updatedDate": "2020-03-06T20:24:55.353+0000",
        "updatedByUserId": "99999999-9999-1999-8999-999999999901"
      }
    },
    {
      "id": "ab333eac-823a-45bc-b5d8-71b694b1bb62",
      "module": "NCIP",
      "configName": "Relais",
      "code": "item.perm.location.code",
      "enabled": true,
      "value": "PALCI_LEHIGH",
      "metadata": {
        "createdDate": "2020-03-06T20:24:55.380+0000",
        "createdByUserId": "99999999-9999-1999-8999-999999999901",
        "updatedDate": "2020-03-06T20:24:55.380+0000",
        "updatedByUserId": "99999999-9999-1999-8999-999999999901"
      }
    },
    {
      "id": "f5bb149a-8ace-49ce-a2f9-8d3461e58faf",
      "module": "NCIP",
      "configName": "Relais",
      "code": "holdings.perm.location.code",
      "enabled": true,
      "value": "PALCI_LEHIGH",
      "metadata": {
        "createdDate": "2020-03-06T20:24:55.401+0000",
        "createdByUserId": "99999999-9999-1999-8999-999999999901",
        "updatedDate": "2020-03-06T20:24:55.401+0000",
        "updatedByUserId": "99999999-9999-1999-8999-999999999901"
      }
    },
    {
      "id": "ca6f52e1-5b7d-4a63-82f3-3d9b4b965766",
      "module": "NCIP",
      "configName": "Relais",
      "code": "instance.custom.identifier.name",
      "enabled": true,
      "value": "PALCI Request ID",
      "metadata": {
        "createdDate": "2020-03-06T20:24:55.426+0000",
        "createdByUserId": "99999999-9999-1999-8999-999999999901",
        "updatedDate": "2020-03-06T20:24:55.426+0000",
        "updatedByUserId": "99999999-9999-1999-8999-999999999901"
      }
    },
    {
      "id": "f6435c0a-d640-4c3e-b5ea-0b6f857c74f0",
      "module": "NCIP",
      "configName": "Relais",
      "code": "checkout.service.point.code",
      "enabled": true,
      "value": "FAIRCHILD",
      "metadata": {
        "createdDate": "2020-03-06T20:24:55.456+0000",
        "createdByUserId": "99999999-9999-1999-8999-999999999901",
        "updatedDate": "2020-03-06T20:24:55.456+0000",
        "updatedByUserId": "99999999-9999-1999-8999-999999999901"
      }
    },
    {
      "id": "a07bc5a3-7e26-485d-a09a-e72ea4dbdbe3",
      "module": "NCIP",
      "configName": "Relais",
      "code": "checkin.service.point.code",
      "enabled": true,
      "value": "FAIRCHILD",
      "metadata": {
        "createdDate": "2020-03-06T20:24:55.479+0000",
        "createdByUserId": "99999999-9999-1999-8999-999999999901",
        "updatedDate": "2020-03-06T20:24:55.479+0000",
        "updatedByUserId": "99999999-9999-1999-8999-999999999901"
      }
    }
  ],
  "totalRecords": 12,
  "resultInfo": {
    "totalRecords": 12,
    "facets": [],
    "diagnostics": []
  }
}

09:31:12 [] [lu] [] [mod-ncip] INFO  FolioNcipHelper      item.material.type.name
09:31:12 [] [lu] [] [mod-ncip] INFO  FolioNcipHelper      Using timeout: 30000
09:31:12 [] [lu] [] [mod-ncip] INFO  FolioNcipHelper      GET:
09:31:12 [] [lu] [] [mod-ncip] INFO  FolioNcipHelper      http://localhost:54452/configurations/entries?query=code%3D%3D%22item.material.type.name%22&limit=200
09:31:12 [] [lu] [] [mod-ncip] INFO  FolioNcipHelper      200
09:31:12 [] [lu] [] [mod-ncip] INFO  FolioNcipHelper      {
  "configs": [
    {
      "id": "ecb9cf87-adcb-4be7-9253-e8caf8828ee6",
      "module": "NCIP",
      "configName": "Relais",
      "code": "instance.type.name",
      "enabled": true,
      "value": "PALCI",
      "metadata": {
        "createdDate": "2020-03-06T20:24:55.251+0000",
        "createdByUserId": "99999999-9999-1999-8999-999999999901",
        "updatedDate": "2020-03-06T20:24:55.251+0000",
        "updatedByUserId": "99999999-9999-1999-8999-999999999901"
      }
    },
    {
      "id": "ccf38c47-2614-43fa-9da5-82aeb32b6e11",
      "module": "NCIP",
      "configName": "Relais",
      "code": "instance.source",
      "enabled": true,
      "value": "PALCI",
      "metadata": {
        "createdDate": "2020-03-06T20:24:55.279+0000",
        "createdByUserId": "99999999-9999-1999-8999-999999999901",
        "updatedDate": "2020-03-06T20:24:55.279+0000",
        "updatedByUserId": "99999999-9999-1999-8999-999999999901"
      }
    },
    {
      "id": "c41a901e-ce08-4125-acc5-a5ed234f2c5c",
      "module": "NCIP",
      "configName": "Relais",
      "code": "item.material.type.name",
      "enabled": true,
      "value": "PALCI",
      "metadata": {
        "createdDate": "2020-03-06T20:24:55.304+0000",
        "createdByUserId": "99999999-9999-1999-8999-999999999901",
        "updatedDate": "2020-03-06T20:24:55.304+0000",
        "updatedByUserId": "99999999-9999-1999-8999-999999999901"
      }
    },
    {
      "id": "14b4f295-e9d0-4578-aeed-e1df25ce1022",
      "module": "NCIP",
      "configName": "Relais",
      "code": "item.perm.loan.type.name",
      "enabled": true,
      "value": "PALCI",
      "metadata": {
        "createdDate": "2020-03-06T20:24:55.329+0000",
        "createdByUserId": "99999999-9999-1999-8999-999999999901",
        "updatedDate": "2020-03-06T20:24:55.329+0000",
        "updatedByUserId": "99999999-9999-1999-8999-999999999901"
      }
    },
    {
      "id": "17d6ae7f-db78-41d0-827b-37f4e8113696",
      "module": "NCIP",
      "configName": "Relais",
      "code": "item.status.name",
      "enabled": true,
      "value": "Available",
      "metadata": {
        "createdDate": "2020-03-06T20:24:55.353+0000",
        "createdByUserId": "99999999-9999-1999-8999-999999999901",
        "updatedDate": "2020-03-06T20:24:55.353+0000",
        "updatedByUserId": "99999999-9999-1999-8999-999999999901"
      }
    },
    {
      "id": "ab333eac-823a-45bc-b5d8-71b694b1bb62",
      "module": "NCIP",
      "configName": "Relais",
      "code": "item.perm.location.code",
      "enabled": true,
      "value": "PALCI_LEHIGH",
      "metadata": {
        "createdDate": "2020-03-06T20:24:55.380+0000",
        "createdByUserId": "99999999-9999-1999-8999-999999999901",
        "updatedDate": "2020-03-06T20:24:55.380+0000",
        "updatedByUserId": "99999999-9999-1999-8999-999999999901"
      }
    },
    {
      "id": "f5bb149a-8ace-49ce-a2f9-8d3461e58faf",
      "module": "NCIP",
      "configName": "Relais",
      "code": "holdings.perm.location.code",
      "enabled": true,
      "value": "PALCI_LEHIGH",
      "metadata": {
        "createdDate": "2020-03-06T20:24:55.401+0000",
        "createdByUserId": "99999999-9999-1999-8999-999999999901",
        "updatedDate": "2020-03-06T20:24:55.401+0000",
        "updatedByUserId": "99999999-9999-1999-8999-999999999901"
      }
    },
    {
      "id": "ca6f52e1-5b7d-4a63-82f3-3d9b4b965766",
      "module": "NCIP",
      "configName": "Relais",
      "code": "instance.custom.identifier.name",
      "enabled": true,
      "value": "PALCI Request ID",
      "metadata": {
        "createdDate": "2020-03-06T20:24:55.426+0000",
        "createdByUserId": "99999999-9999-1999-8999-999999999901",
        "updatedDate": "2020-03-06T20:24:55.426+0000",
        "updatedByUserId": "99999999-9999-1999-8999-999999999901"
      }
    },
    {
      "id": "f6435c0a-d640-4c3e-b5ea-0b6f857c74f0",
      "module": "NCIP",
      "configName": "Relais",
      "code": "checkout.service.point.code",
      "enabled": true,
      "value": "FAIRCHILD",
      "metadata": {
        "createdDate": "2020-03-06T20:24:55.456+0000",
        "createdByUserId": "99999999-9999-1999-8999-999999999901",
        "updatedDate": "2020-03-06T20:24:55.456+0000",
        "updatedByUserId": "99999999-9999-1999-8999-999999999901"
      }
    },
    {
      "id": "a07bc5a3-7e26-485d-a09a-e72ea4dbdbe3",
      "module": "NCIP",
      "configName": "Relais",
      "code": "checkin.service.point.code",
      "enabled": true,
      "value": "FAIRCHILD",
      "metadata": {
        "createdDate": "2020-03-06T20:24:55.479+0000",
        "createdByUserId": "99999999-9999-1999-8999-999999999901",
        "updatedDate": "2020-03-06T20:24:55.479+0000",
        "updatedByUserId": "99999999-9999-1999-8999-999999999901"
      }
    }
  ],
  "totalRecords": 12,
  "resultInfo": {
    "totalRecords": 12,
    "facets": [],
    "diagnostics": []
  }
}

09:31:12 [] [lu] [] [mod-ncip] INFO  FolioNcipHelper      item.perm.loan.type.name
09:31:12 [] [lu] [] [mod-ncip] INFO  FolioNcipHelper      Using timeout: 30000
09:31:12 [] [lu] [] [mod-ncip] INFO  FolioNcipHelper      GET:
09:31:12 [] [lu] [] [mod-ncip] INFO  FolioNcipHelper      http://localhost:54452/configurations/entries?query=code%3D%3D%22item.perm.loan.type.name%22&limit=200
09:31:12 [] [lu] [] [mod-ncip] INFO  FolioNcipHelper      200
09:31:12 [] [lu] [] [mod-ncip] INFO  FolioNcipHelper      {
  "configs": [
    {
      "id": "ecb9cf87-adcb-4be7-9253-e8caf8828ee6",
      "module": "NCIP",
      "configName": "Relais",
      "code": "instance.type.name",
      "enabled": true,
      "value": "PALCI",
      "metadata": {
        "createdDate": "2020-03-06T20:24:55.251+0000",
        "createdByUserId": "99999999-9999-1999-8999-999999999901",
        "updatedDate": "2020-03-06T20:24:55.251+0000",
        "updatedByUserId": "99999999-9999-1999-8999-999999999901"
      }
    },
    {
      "id": "ccf38c47-2614-43fa-9da5-82aeb32b6e11",
      "module": "NCIP",
      "configName": "Relais",
      "code": "instance.source",
      "enabled": true,
      "value": "PALCI",
      "metadata": {
        "createdDate": "2020-03-06T20:24:55.279+0000",
        "createdByUserId": "99999999-9999-1999-8999-999999999901",
        "updatedDate": "2020-03-06T20:24:55.279+0000",
        "updatedByUserId": "99999999-9999-1999-8999-999999999901"
      }
    },
    {
      "id": "c41a901e-ce08-4125-acc5-a5ed234f2c5c",
      "module": "NCIP",
      "configName": "Relais",
      "code": "item.material.type.name",
      "enabled": true,
      "value": "PALCI",
      "metadata": {
        "createdDate": "2020-03-06T20:24:55.304+0000",
        "createdByUserId": "99999999-9999-1999-8999-999999999901",
        "updatedDate": "2020-03-06T20:24:55.304+0000",
        "updatedByUserId": "99999999-9999-1999-8999-999999999901"
      }
    },
    {
      "id": "14b4f295-e9d0-4578-aeed-e1df25ce1022",
      "module": "NCIP",
      "configName": "Relais",
      "code": "item.perm.loan.type.name",
      "enabled": true,
      "value": "PALCI",
      "metadata": {
        "createdDate": "2020-03-06T20:24:55.329+0000",
        "createdByUserId": "99999999-9999-1999-8999-999999999901",
        "updatedDate": "2020-03-06T20:24:55.329+0000",
        "updatedByUserId": "99999999-9999-1999-8999-999999999901"
      }
    },
    {
      "id": "17d6ae7f-db78-41d0-827b-37f4e8113696",
      "module": "NCIP",
      "configName": "Relais",
      "code": "item.status.name",
      "enabled": true,
      "value": "Available",
      "metadata": {
        "createdDate": "2020-03-06T20:24:55.353+0000",
        "createdByUserId": "99999999-9999-1999-8999-999999999901",
        "updatedDate": "2020-03-06T20:24:55.353+0000",
        "updatedByUserId": "99999999-9999-1999-8999-999999999901"
      }
    },
    {
      "id": "ab333eac-823a-45bc-b5d8-71b694b1bb62",
      "module": "NCIP",
      "configName": "Relais",
      "code": "item.perm.location.code",
      "enabled": true,
      "value": "PALCI_LEHIGH",
      "metadata": {
        "createdDate": "2020-03-06T20:24:55.380+0000",
        "createdByUserId": "99999999-9999-1999-8999-999999999901",
        "updatedDate": "2020-03-06T20:24:55.380+0000",
        "updatedByUserId": "99999999-9999-1999-8999-999999999901"
      }
    },
    {
      "id": "f5bb149a-8ace-49ce-a2f9-8d3461e58faf",
      "module": "NCIP",
      "configName": "Relais",
      "code": "holdings.perm.location.code",
      "enabled": true,
      "value": "PALCI_LEHIGH",
      "metadata": {
        "createdDate": "2020-03-06T20:24:55.401+0000",
        "createdByUserId": "99999999-9999-1999-8999-999999999901",
        "updatedDate": "2020-03-06T20:24:55.401+0000",
        "updatedByUserId": "99999999-9999-1999-8999-999999999901"
      }
    },
    {
      "id": "ca6f52e1-5b7d-4a63-82f3-3d9b4b965766",
      "module": "NCIP",
      "configName": "Relais",
      "code": "instance.custom.identifier.name",
      "enabled": true,
      "value": "PALCI Request ID",
      "metadata": {
        "createdDate": "2020-03-06T20:24:55.426+0000",
        "createdByUserId": "99999999-9999-1999-8999-999999999901",
        "updatedDate": "2020-03-06T20:24:55.426+0000",
        "updatedByUserId": "99999999-9999-1999-8999-999999999901"
      }
    },
    {
      "id": "f6435c0a-d640-4c3e-b5ea-0b6f857c74f0",
      "module": "NCIP",
      "configName": "Relais",
      "code": "checkout.service.point.code",
      "enabled": true,
      "value": "FAIRCHILD",
      "metadata": {
        "createdDate": "2020-03-06T20:24:55.456+0000",
        "createdByUserId": "99999999-9999-1999-8999-999999999901",
        "updatedDate": "2020-03-06T20:24:55.456+0000",
        "updatedByUserId": "99999999-9999-1999-8999-999999999901"
      }
    },
    {
      "id": "a07bc5a3-7e26-485d-a09a-e72ea4dbdbe3",
      "module": "NCIP",
      "configName": "Relais",
      "code": "checkin.service.point.code",
      "enabled": true,
      "value": "FAIRCHILD",
      "metadata": {
        "createdDate": "2020-03-06T20:24:55.479+0000",
        "createdByUserId": "99999999-9999-1999-8999-999999999901",
        "updatedDate": "2020-03-06T20:24:55.479+0000",
        "updatedByUserId": "99999999-9999-1999-8999-999999999901"
      }
    }
  ],
  "totalRecords": 12,
  "resultInfo": {
    "totalRecords": 12,
    "facets": [],
    "diagnostics": []
  }
}

09:31:12 [] [lu] [] [mod-ncip] INFO  FolioNcipHelper      item.status.name
09:31:12 [] [lu] [] [mod-ncip] INFO  FolioNcipHelper      Using timeout: 30000
09:31:12 [] [lu] [] [mod-ncip] INFO  FolioNcipHelper      GET:
09:31:12 [] [lu] [] [mod-ncip] INFO  FolioNcipHelper      http://localhost:54452/configurations/entries?query=code%3D%3D%22item.status.name%22&limit=200
09:31:12 [] [lu] [] [mod-ncip] INFO  FolioNcipHelper      200
09:31:12 [] [lu] [] [mod-ncip] INFO  FolioNcipHelper      {
  "configs": [
    {
      "id": "ecb9cf87-adcb-4be7-9253-e8caf8828ee6",
      "module": "NCIP",
      "configName": "Relais",
      "code": "instance.type.name",
      "enabled": true,
      "value": "PALCI",
      "metadata": {
        "createdDate": "2020-03-06T20:24:55.251+0000",
        "createdByUserId": "99999999-9999-1999-8999-999999999901",
        "updatedDate": "2020-03-06T20:24:55.251+0000",
        "updatedByUserId": "99999999-9999-1999-8999-999999999901"
      }
    },
    {
      "id": "ccf38c47-2614-43fa-9da5-82aeb32b6e11",
      "module": "NCIP",
      "configName": "Relais",
      "code": "instance.source",
      "enabled": true,
      "value": "PALCI",
      "metadata": {
        "createdDate": "2020-03-06T20:24:55.279+0000",
        "createdByUserId": "99999999-9999-1999-8999-999999999901",
        "updatedDate": "2020-03-06T20:24:55.279+0000",
        "updatedByUserId": "99999999-9999-1999-8999-999999999901"
      }
    },
    {
      "id": "c41a901e-ce08-4125-acc5-a5ed234f2c5c",
      "module": "NCIP",
      "configName": "Relais",
      "code": "item.material.type.name",
      "enabled": true,
      "value": "PALCI",
      "metadata": {
        "createdDate": "2020-03-06T20:24:55.304+0000",
        "createdByUserId": "99999999-9999-1999-8999-999999999901",
        "updatedDate": "2020-03-06T20:24:55.304+0000",
        "updatedByUserId": "99999999-9999-1999-8999-999999999901"
      }
    },
    {
      "id": "14b4f295-e9d0-4578-aeed-e1df25ce1022",
      "module": "NCIP",
      "configName": "Relais",
      "code": "item.perm.loan.type.name",
      "enabled": true,
      "value": "PALCI",
      "metadata": {
        "createdDate": "2020-03-06T20:24:55.329+0000",
        "createdByUserId": "99999999-9999-1999-8999-999999999901",
        "updatedDate": "2020-03-06T20:24:55.329+0000",
        "updatedByUserId": "99999999-9999-1999-8999-999999999901"
      }
    },
    {
      "id": "17d6ae7f-db78-41d0-827b-37f4e8113696",
      "module": "NCIP",
      "configName": "Relais",
      "code": "item.status.name",
      "enabled": true,
      "value": "Available",
      "metadata": {
        "createdDate": "2020-03-06T20:24:55.353+0000",
        "createdByUserId": "99999999-9999-1999-8999-999999999901",
        "updatedDate": "2020-03-06T20:24:55.353+0000",
        "updatedByUserId": "99999999-9999-1999-8999-999999999901"
      }
    },
    {
      "id": "ab333eac-823a-45bc-b5d8-71b694b1bb62",
      "module": "NCIP",
      "configName": "Relais",
      "code": "item.perm.location.code",
      "enabled": true,
      "value": "PALCI_LEHIGH",
      "metadata": {
        "createdDate": "2020-03-06T20:24:55.380+0000",
        "createdByUserId": "99999999-9999-1999-8999-999999999901",
        "updatedDate": "2020-03-06T20:24:55.380+0000",
        "updatedByUserId": "99999999-9999-1999-8999-999999999901"
      }
    },
    {
      "id": "f5bb149a-8ace-49ce-a2f9-8d3461e58faf",
      "module": "NCIP",
      "configName": "Relais",
      "code": "holdings.perm.location.code",
      "enabled": true,
      "value": "PALCI_LEHIGH",
      "metadata": {
        "createdDate": "2020-03-06T20:24:55.401+0000",
        "createdByUserId": "99999999-9999-1999-8999-999999999901",
        "updatedDate": "2020-03-06T20:24:55.401+0000",
        "updatedByUserId": "99999999-9999-1999-8999-999999999901"
      }
    },
    {
      "id": "ca6f52e1-5b7d-4a63-82f3-3d9b4b965766",
      "module": "NCIP",
      "configName": "Relais",
      "code": "instance.custom.identifier.name",
      "enabled": true,
      "value": "PALCI Request ID",
      "metadata": {
        "createdDate": "2020-03-06T20:24:55.426+0000",
        "createdByUserId": "99999999-9999-1999-8999-999999999901",
        "updatedDate": "2020-03-06T20:24:55.426+0000",
        "updatedByUserId": "99999999-9999-1999-8999-999999999901"
      }
    },
    {
      "id": "f6435c0a-d640-4c3e-b5ea-0b6f857c74f0",
      "module": "NCIP",
      "configName": "Relais",
      "code": "checkout.service.point.code",
      "enabled": true,
      "value": "FAIRCHILD",
      "metadata": {
        "createdDate": "2020-03-06T20:24:55.456+0000",
        "createdByUserId": "99999999-9999-1999-8999-999999999901",
        "updatedDate": "2020-03-06T20:24:55.456+0000",
        "updatedByUserId": "99999999-9999-1999-8999-999999999901"
      }
    },
    {
      "id": "a07bc5a3-7e26-485d-a09a-e72ea4dbdbe3",
      "module": "NCIP",
      "configName": "Relais",
      "code": "checkin.service.point.code",
      "enabled": true,
      "value": "FAIRCHILD",
      "metadata": {
        "createdDate": "2020-03-06T20:24:55.479+0000",
        "createdByUserId": "99999999-9999-1999-8999-999999999901",
        "updatedDate": "2020-03-06T20:24:55.479+0000",
        "updatedByUserId": "99999999-9999-1999-8999-999999999901"
      }
    }
  ],
  "totalRecords": 12,
  "resultInfo": {
    "totalRecords": 12,
    "facets": [],
    "diagnostics": []
  }
}

09:31:12 [] [lu] [] [mod-ncip] INFO  FolioNcipHelper      item.perm.location.code
09:31:12 [] [lu] [] [mod-ncip] INFO  FolioNcipHelper      Using timeout: 30000
09:31:12 [] [lu] [] [mod-ncip] INFO  FolioNcipHelper      GET:
09:31:12 [] [lu] [] [mod-ncip] INFO  FolioNcipHelper      http://localhost:54452/configurations/entries?query=code%3D%3D%22item.perm.location.code%22&limit=200
09:31:12 [] [lu] [] [mod-ncip] INFO  FolioNcipHelper      200
09:31:12 [] [lu] [] [mod-ncip] INFO  FolioNcipHelper      {
  "configs": [
    {
      "id": "ecb9cf87-adcb-4be7-9253-e8caf8828ee6",
      "module": "NCIP",
      "configName": "Relais",
      "code": "instance.type.name",
      "enabled": true,
      "value": "PALCI",
      "metadata": {
        "createdDate": "2020-03-06T20:24:55.251+0000",
        "createdByUserId": "99999999-9999-1999-8999-999999999901",
        "updatedDate": "2020-03-06T20:24:55.251+0000",
        "updatedByUserId": "99999999-9999-1999-8999-999999999901"
      }
    },
    {
      "id": "ccf38c47-2614-43fa-9da5-82aeb32b6e11",
      "module": "NCIP",
      "configName": "Relais",
      "code": "instance.source",
      "enabled": true,
      "value": "PALCI",
      "metadata": {
        "createdDate": "2020-03-06T20:24:55.279+0000",
        "createdByUserId": "99999999-9999-1999-8999-999999999901",
        "updatedDate": "2020-03-06T20:24:55.279+0000",
        "updatedByUserId": "99999999-9999-1999-8999-999999999901"
      }
    },
    {
      "id": "c41a901e-ce08-4125-acc5-a5ed234f2c5c",
      "module": "NCIP",
      "configName": "Relais",
      "code": "item.material.type.name",
      "enabled": true,
      "value": "PALCI",
      "metadata": {
        "createdDate": "2020-03-06T20:24:55.304+0000",
        "createdByUserId": "99999999-9999-1999-8999-999999999901",
        "updatedDate": "2020-03-06T20:24:55.304+0000",
        "updatedByUserId": "99999999-9999-1999-8999-999999999901"
      }
    },
    {
      "id": "14b4f295-e9d0-4578-aeed-e1df25ce1022",
      "module": "NCIP",
      "configName": "Relais",
      "code": "item.perm.loan.type.name",
      "enabled": true,
      "value": "PALCI",
      "metadata": {
        "createdDate": "2020-03-06T20:24:55.329+0000",
        "createdByUserId": "99999999-9999-1999-8999-999999999901",
        "updatedDate": "2020-03-06T20:24:55.329+0000",
        "updatedByUserId": "99999999-9999-1999-8999-999999999901"
      }
    },
    {
      "id": "17d6ae7f-db78-41d0-827b-37f4e8113696",
      "module": "NCIP",
      "configName": "Relais",
      "code": "item.status.name",
      "enabled": true,
      "value": "Available",
      "metadata": {
        "createdDate": "2020-03-06T20:24:55.353+0000",
        "createdByUserId": "99999999-9999-1999-8999-999999999901",
        "updatedDate": "2020-03-06T20:24:55.353+0000",
        "updatedByUserId": "99999999-9999-1999-8999-999999999901"
      }
    },
    {
      "id": "ab333eac-823a-45bc-b5d8-71b694b1bb62",
      "module": "NCIP",
      "configName": "Relais",
      "code": "item.perm.location.code",
      "enabled": true,
      "value": "PALCI_LEHIGH",
      "metadata": {
        "createdDate": "2020-03-06T20:24:55.380+0000",
        "createdByUserId": "99999999-9999-1999-8999-999999999901",
        "updatedDate": "2020-03-06T20:24:55.380+0000",
        "updatedByUserId": "99999999-9999-1999-8999-999999999901"
      }
    },
    {
      "id": "f5bb149a-8ace-49ce-a2f9-8d3461e58faf",
      "module": "NCIP",
      "configName": "Relais",
      "code": "holdings.perm.location.code",
      "enabled": true,
      "value": "PALCI_LEHIGH",
      "metadata": {
        "createdDate": "2020-03-06T20:24:55.401+0000",
        "createdByUserId": "99999999-9999-1999-8999-999999999901",
        "updatedDate": "2020-03-06T20:24:55.401+0000",
        "updatedByUserId": "99999999-9999-1999-8999-999999999901"
      }
    },
    {
      "id": "ca6f52e1-5b7d-4a63-82f3-3d9b4b965766",
      "module": "NCIP",
      "configName": "Relais",
      "code": "instance.custom.identifier.name",
      "enabled": true,
      "value": "PALCI Request ID",
      "metadata": {
        "createdDate": "2020-03-06T20:24:55.426+0000",
        "createdByUserId": "99999999-9999-1999-8999-999999999901",
        "updatedDate": "2020-03-06T20:24:55.426+0000",
        "updatedByUserId": "99999999-9999-1999-8999-999999999901"
      }
    },
    {
      "id": "f6435c0a-d640-4c3e-b5ea-0b6f857c74f0",
      "module": "NCIP",
      "configName": "Relais",
      "code": "checkout.service.point.code",
      "enabled": true,
      "value": "FAIRCHILD",
      "metadata": {
        "createdDate": "2020-03-06T20:24:55.456+0000",
        "createdByUserId": "99999999-9999-1999-8999-999999999901",
        "updatedDate": "2020-03-06T20:24:55.456+0000",
        "updatedByUserId": "99999999-9999-1999-8999-999999999901"
      }
    },
    {
      "id": "a07bc5a3-7e26-485d-a09a-e72ea4dbdbe3",
      "module": "NCIP",
      "configName": "Relais",
      "code": "checkin.service.point.code",
      "enabled": true,
      "value": "FAIRCHILD",
      "metadata": {
        "createdDate": "2020-03-06T20:24:55.479+0000",
        "createdByUserId": "99999999-9999-1999-8999-999999999901",
        "updatedDate": "2020-03-06T20:24:55.479+0000",
        "updatedByUserId": "99999999-9999-1999-8999-999999999901"
      }
    }
  ],
  "totalRecords": 12,
  "resultInfo": {
    "totalRecords": 12,
    "facets": [],
    "diagnostics": []
  }
}

09:31:12 [] [lu] [] [mod-ncip] INFO  FolioNcipHelper      holdings.perm.location.code
09:31:12 [] [lu] [] [mod-ncip] INFO  FolioNcipHelper      Using timeout: 30000
09:31:12 [] [lu] [] [mod-ncip] INFO  FolioNcipHelper      GET:
09:31:12 [] [lu] [] [mod-ncip] INFO  FolioNcipHelper      http://localhost:54452/configurations/entries?query=code%3D%3D%22holdings.perm.location.code%22&limit=200
09:31:12 [] [lu] [] [mod-ncip] INFO  FolioNcipHelper      200
09:31:12 [] [lu] [] [mod-ncip] INFO  FolioNcipHelper      {
  "configs": [
    {
      "id": "ecb9cf87-adcb-4be7-9253-e8caf8828ee6",
      "module": "NCIP",
      "configName": "Relais",
      "code": "instance.type.name",
      "enabled": true,
      "value": "PALCI",
      "metadata": {
        "createdDate": "2020-03-06T20:24:55.251+0000",
        "createdByUserId": "99999999-9999-1999-8999-999999999901",
        "updatedDate": "2020-03-06T20:24:55.251+0000",
        "updatedByUserId": "99999999-9999-1999-8999-999999999901"
      }
    },
    {
      "id": "ccf38c47-2614-43fa-9da5-82aeb32b6e11",
      "module": "NCIP",
      "configName": "Relais",
      "code": "instance.source",
      "enabled": true,
      "value": "PALCI",
      "metadata": {
        "createdDate": "2020-03-06T20:24:55.279+0000",
        "createdByUserId": "99999999-9999-1999-8999-999999999901",
        "updatedDate": "2020-03-06T20:24:55.279+0000",
        "updatedByUserId": "99999999-9999-1999-8999-999999999901"
      }
    },
    {
      "id": "c41a901e-ce08-4125-acc5-a5ed234f2c5c",
      "module": "NCIP",
      "configName": "Relais",
      "code": "item.material.type.name",
      "enabled": true,
      "value": "PALCI",
      "metadata": {
        "createdDate": "2020-03-06T20:24:55.304+0000",
        "createdByUserId": "99999999-9999-1999-8999-999999999901",
        "updatedDate": "2020-03-06T20:24:55.304+0000",
        "updatedByUserId": "99999999-9999-1999-8999-999999999901"
      }
    },
    {
      "id": "14b4f295-e9d0-4578-aeed-e1df25ce1022",
      "module": "NCIP",
      "configName": "Relais",
      "code": "item.perm.loan.type.name",
      "enabled": true,
      "value": "PALCI",
      "metadata": {
        "createdDate": "2020-03-06T20:24:55.329+0000",
        "createdByUserId": "99999999-9999-1999-8999-999999999901",
        "updatedDate": "2020-03-06T20:24:55.329+0000",
        "updatedByUserId": "99999999-9999-1999-8999-999999999901"
      }
    },
    {
      "id": "17d6ae7f-db78-41d0-827b-37f4e8113696",
      "module": "NCIP",
      "configName": "Relais",
      "code": "item.status.name",
      "enabled": true,
      "value": "Available",
      "metadata": {
        "createdDate": "2020-03-06T20:24:55.353+0000",
        "createdByUserId": "99999999-9999-1999-8999-999999999901",
        "updatedDate": "2020-03-06T20:24:55.353+0000",
        "updatedByUserId": "99999999-9999-1999-8999-999999999901"
      }
    },
    {
      "id": "ab333eac-823a-45bc-b5d8-71b694b1bb62",
      "module": "NCIP",
      "configName": "Relais",
      "code": "item.perm.location.code",
      "enabled": true,
      "value": "PALCI_LEHIGH",
      "metadata": {
        "createdDate": "2020-03-06T20:24:55.380+0000",
        "createdByUserId": "99999999-9999-1999-8999-999999999901",
        "updatedDate": "2020-03-06T20:24:55.380+0000",
        "updatedByUserId": "99999999-9999-1999-8999-999999999901"
      }
    },
    {
      "id": "f5bb149a-8ace-49ce-a2f9-8d3461e58faf",
      "module": "NCIP",
      "configName": "Relais",
      "code": "holdings.perm.location.code",
      "enabled": true,
      "value": "PALCI_LEHIGH",
      "metadata": {
        "createdDate": "2020-03-06T20:24:55.401+0000",
        "createdByUserId": "99999999-9999-1999-8999-999999999901",
        "updatedDate": "2020-03-06T20:24:55.401+0000",
        "updatedByUserId": "99999999-9999-1999-8999-999999999901"
      }
    },
    {
      "id": "ca6f52e1-5b7d-4a63-82f3-3d9b4b965766",
      "module": "NCIP",
      "configName": "Relais",
      "code": "instance.custom.identifier.name",
      "enabled": true,
      "value": "PALCI Request ID",
      "metadata": {
        "createdDate": "2020-03-06T20:24:55.426+0000",
        "createdByUserId": "99999999-9999-1999-8999-999999999901",
        "updatedDate": "2020-03-06T20:24:55.426+0000",
        "updatedByUserId": "99999999-9999-1999-8999-999999999901"
      }
    },
    {
      "id": "f6435c0a-d640-4c3e-b5ea-0b6f857c74f0",
      "module": "NCIP",
      "configName": "Relais",
      "code": "checkout.service.point.code",
      "enabled": true,
      "value": "FAIRCHILD",
      "metadata": {
        "createdDate": "2020-03-06T20:24:55.456+0000",
        "createdByUserId": "99999999-9999-1999-8999-999999999901",
        "updatedDate": "2020-03-06T20:24:55.456+0000",
        "updatedByUserId": "99999999-9999-1999-8999-999999999901"
      }
    },
    {
      "id": "a07bc5a3-7e26-485d-a09a-e72ea4dbdbe3",
      "module": "NCIP",
      "configName": "Relais",
      "code": "checkin.service.point.code",
      "enabled": true,
      "value": "FAIRCHILD",
      "metadata": {
        "createdDate": "2020-03-06T20:24:55.479+0000",
        "createdByUserId": "99999999-9999-1999-8999-999999999901",
        "updatedDate": "2020-03-06T20:24:55.479+0000",
        "updatedByUserId": "99999999-9999-1999-8999-999999999901"
      }
    }
  ],
  "totalRecords": 12,
  "resultInfo": {
    "totalRecords": 12,
    "facets": [],
    "diagnostics": []
  }
}

09:31:12 [] [lu] [] [mod-ncip] INFO  FolioNcipHelper      instance.custom.identifier.name
09:31:12 [] [lu] [] [mod-ncip] INFO  FolioNcipHelper      Using timeout: 30000
09:31:12 [] [lu] [] [mod-ncip] INFO  FolioNcipHelper      GET:
09:31:12 [] [lu] [] [mod-ncip] INFO  FolioNcipHelper      http://localhost:54452/configurations/entries?query=code%3D%3D%22instance.custom.identifier.name%22&limit=200
09:31:12 [] [lu] [] [mod-ncip] INFO  FolioNcipHelper      200
09:31:12 [] [lu] [] [mod-ncip] INFO  FolioNcipHelper      {
  "configs": [
    {
      "id": "ecb9cf87-adcb-4be7-9253-e8caf8828ee6",
      "module": "NCIP",
      "configName": "Relais",
      "code": "instance.type.name",
      "enabled": true,
      "value": "PALCI",
      "metadata": {
        "createdDate": "2020-03-06T20:24:55.251+0000",
        "createdByUserId": "99999999-9999-1999-8999-999999999901",
        "updatedDate": "2020-03-06T20:24:55.251+0000",
        "updatedByUserId": "99999999-9999-1999-8999-999999999901"
      }
    },
    {
      "id": "ccf38c47-2614-43fa-9da5-82aeb32b6e11",
      "module": "NCIP",
      "configName": "Relais",
      "code": "instance.source",
      "enabled": true,
      "value": "PALCI",
      "metadata": {
        "createdDate": "2020-03-06T20:24:55.279+0000",
        "createdByUserId": "99999999-9999-1999-8999-999999999901",
        "updatedDate": "2020-03-06T20:24:55.279+0000",
        "updatedByUserId": "99999999-9999-1999-8999-999999999901"
      }
    },
    {
      "id": "c41a901e-ce08-4125-acc5-a5ed234f2c5c",
      "module": "NCIP",
      "configName": "Relais",
      "code": "item.material.type.name",
      "enabled": true,
      "value": "PALCI",
      "metadata": {
        "createdDate": "2020-03-06T20:24:55.304+0000",
        "createdByUserId": "99999999-9999-1999-8999-999999999901",
        "updatedDate": "2020-03-06T20:24:55.304+0000",
        "updatedByUserId": "99999999-9999-1999-8999-999999999901"
      }
    },
    {
      "id": "14b4f295-e9d0-4578-aeed-e1df25ce1022",
      "module": "NCIP",
      "configName": "Relais",
      "code": "item.perm.loan.type.name",
      "enabled": true,
      "value": "PALCI",
      "metadata": {
        "createdDate": "2020-03-06T20:24:55.329+0000",
        "createdByUserId": "99999999-9999-1999-8999-999999999901",
        "updatedDate": "2020-03-06T20:24:55.329+0000",
        "updatedByUserId": "99999999-9999-1999-8999-999999999901"
      }
    },
    {
      "id": "17d6ae7f-db78-41d0-827b-37f4e8113696",
      "module": "NCIP",
      "configName": "Relais",
      "code": "item.status.name",
      "enabled": true,
      "value": "Available",
      "metadata": {
        "createdDate": "2020-03-06T20:24:55.353+0000",
        "createdByUserId": "99999999-9999-1999-8999-999999999901",
        "updatedDate": "2020-03-06T20:24:55.353+0000",
        "updatedByUserId": "99999999-9999-1999-8999-999999999901"
      }
    },
    {
      "id": "ab333eac-823a-45bc-b5d8-71b694b1bb62",
      "module": "NCIP",
      "configName": "Relais",
      "code": "item.perm.location.code",
      "enabled": true,
      "value": "PALCI_LEHIGH",
      "metadata": {
        "createdDate": "2020-03-06T20:24:55.380+0000",
        "createdByUserId": "99999999-9999-1999-8999-999999999901",
        "updatedDate": "2020-03-06T20:24:55.380+0000",
        "updatedByUserId": "99999999-9999-1999-8999-999999999901"
      }
    },
    {
      "id": "f5bb149a-8ace-49ce-a2f9-8d3461e58faf",
      "module": "NCIP",
      "configName": "Relais",
      "code": "holdings.perm.location.code",
      "enabled": true,
      "value": "PALCI_LEHIGH",
      "metadata": {
        "createdDate": "2020-03-06T20:24:55.401+0000",
        "createdByUserId": "99999999-9999-1999-8999-999999999901",
        "updatedDate": "2020-03-06T20:24:55.401+0000",
        "updatedByUserId": "99999999-9999-1999-8999-999999999901"
      }
    },
    {
      "id": "ca6f52e1-5b7d-4a63-82f3-3d9b4b965766",
      "module": "NCIP",
      "configName": "Relais",
      "code": "instance.custom.identifier.name",
      "enabled": true,
      "value": "PALCI Request ID",
      "metadata": {
        "createdDate": "2020-03-06T20:24:55.426+0000",
        "createdByUserId": "99999999-9999-1999-8999-999999999901",
        "updatedDate": "2020-03-06T20:24:55.426+0000",
        "updatedByUserId": "99999999-9999-1999-8999-999999999901"
      }
    },
    {
      "id": "f6435c0a-d640-4c3e-b5ea-0b6f857c74f0",
      "module": "NCIP",
      "configName": "Relais",
      "code": "checkout.service.point.code",
      "enabled": true,
      "value": "FAIRCHILD",
      "metadata": {
        "createdDate": "2020-03-06T20:24:55.456+0000",
        "createdByUserId": "99999999-9999-1999-8999-999999999901",
        "updatedDate": "2020-03-06T20:24:55.456+0000",
        "updatedByUserId": "99999999-9999-1999-8999-999999999901"
      }
    },
    {
      "id": "a07bc5a3-7e26-485d-a09a-e72ea4dbdbe3",
      "module": "NCIP",
      "configName": "Relais",
      "code": "checkin.service.point.code",
      "enabled": true,
      "value": "FAIRCHILD",
      "metadata": {
        "createdDate": "2020-03-06T20:24:55.479+0000",
        "createdByUserId": "99999999-9999-1999-8999-999999999901",
        "updatedDate": "2020-03-06T20:24:55.479+0000",
        "updatedByUserId": "99999999-9999-1999-8999-999999999901"
      }
    }
  ],
  "totalRecords": 12,
  "resultInfo": {
    "totalRecords": 12,
    "facets": [],
    "diagnostics": []
  }
}

09:31:12 [] [lu] [] [mod-ncip] INFO  FolioNcipHelper      #check out
09:31:12 [] [lu] [] [mod-ncip] INFO  FolioNcipHelper      checkout.service.point.code
09:31:12 [] [lu] [] [mod-ncip] INFO  FolioNcipHelper      Using timeout: 30000
09:31:12 [] [lu] [] [mod-ncip] INFO  FolioNcipHelper      GET:
09:31:12 [] [lu] [] [mod-ncip] INFO  FolioNcipHelper      http://localhost:54452/configurations/entries?query=code%3D%3D%22checkout.service.point.code%22&limit=200
09:31:12 [] [lu] [] [mod-ncip] INFO  FolioNcipHelper      200
09:31:12 [] [lu] [] [mod-ncip] INFO  FolioNcipHelper      {
  "configs": [
    {
      "id": "ecb9cf87-adcb-4be7-9253-e8caf8828ee6",
      "module": "NCIP",
      "configName": "Relais",
      "code": "instance.type.name",
      "enabled": true,
      "value": "PALCI",
      "metadata": {
        "createdDate": "2020-03-06T20:24:55.251+0000",
        "createdByUserId": "99999999-9999-1999-8999-999999999901",
        "updatedDate": "2020-03-06T20:24:55.251+0000",
        "updatedByUserId": "99999999-9999-1999-8999-999999999901"
      }
    },
    {
      "id": "ccf38c47-2614-43fa-9da5-82aeb32b6e11",
      "module": "NCIP",
      "configName": "Relais",
      "code": "instance.source",
      "enabled": true,
      "value": "PALCI",
      "metadata": {
        "createdDate": "2020-03-06T20:24:55.279+0000",
        "createdByUserId": "99999999-9999-1999-8999-999999999901",
        "updatedDate": "2020-03-06T20:24:55.279+0000",
        "updatedByUserId": "99999999-9999-1999-8999-999999999901"
      }
    },
    {
      "id": "c41a901e-ce08-4125-acc5-a5ed234f2c5c",
      "module": "NCIP",
      "configName": "Relais",
      "code": "item.material.type.name",
      "enabled": true,
      "value": "PALCI",
      "metadata": {
        "createdDate": "2020-03-06T20:24:55.304+0000",
        "createdByUserId": "99999999-9999-1999-8999-999999999901",
        "updatedDate": "2020-03-06T20:24:55.304+0000",
        "updatedByUserId": "99999999-9999-1999-8999-999999999901"
      }
    },
    {
      "id": "14b4f295-e9d0-4578-aeed-e1df25ce1022",
      "module": "NCIP",
      "configName": "Relais",
      "code": "item.perm.loan.type.name",
      "enabled": true,
      "value": "PALCI",
      "metadata": {
        "createdDate": "2020-03-06T20:24:55.329+0000",
        "createdByUserId": "99999999-9999-1999-8999-999999999901",
        "updatedDate": "2020-03-06T20:24:55.329+0000",
        "updatedByUserId": "99999999-9999-1999-8999-999999999901"
      }
    },
    {
      "id": "17d6ae7f-db78-41d0-827b-37f4e8113696",
      "module": "NCIP",
      "configName": "Relais",
      "code": "item.status.name",
      "enabled": true,
      "value": "Available",
      "metadata": {
        "createdDate": "2020-03-06T20:24:55.353+0000",
        "createdByUserId": "99999999-9999-1999-8999-999999999901",
        "updatedDate": "2020-03-06T20:24:55.353+0000",
        "updatedByUserId": "99999999-9999-1999-8999-999999999901"
      }
    },
    {
      "id": "ab333eac-823a-45bc-b5d8-71b694b1bb62",
      "module": "NCIP",
      "configName": "Relais",
      "code": "item.perm.location.code",
      "enabled": true,
      "value": "PALCI_LEHIGH",
      "metadata": {
        "createdDate": "2020-03-06T20:24:55.380+0000",
        "createdByUserId": "99999999-9999-1999-8999-999999999901",
        "updatedDate": "2020-03-06T20:24:55.380+0000",
        "updatedByUserId": "99999999-9999-1999-8999-999999999901"
      }
    },
    {
      "id": "f5bb149a-8ace-49ce-a2f9-8d3461e58faf",
      "module": "NCIP",
      "configName": "Relais",
      "code": "holdings.perm.location.code",
      "enabled": true,
      "value": "PALCI_LEHIGH",
      "metadata": {
        "createdDate": "2020-03-06T20:24:55.401+0000",
        "createdByUserId": "99999999-9999-1999-8999-999999999901",
        "updatedDate": "2020-03-06T20:24:55.401+0000",
        "updatedByUserId": "99999999-9999-1999-8999-999999999901"
      }
    },
    {
      "id": "ca6f52e1-5b7d-4a63-82f3-3d9b4b965766",
      "module": "NCIP",
      "configName": "Relais",
      "code": "instance.custom.identifier.name",
      "enabled": true,
      "value": "PALCI Request ID",
      "metadata": {
        "createdDate": "2020-03-06T20:24:55.426+0000",
        "createdByUserId": "99999999-9999-1999-8999-999999999901",
        "updatedDate": "2020-03-06T20:24:55.426+0000",
        "updatedByUserId": "99999999-9999-1999-8999-999999999901"
      }
    },
    {
      "id": "f6435c0a-d640-4c3e-b5ea-0b6f857c74f0",
      "module": "NCIP",
      "configName": "Relais",
      "code": "checkout.service.point.code",
      "enabled": true,
      "value": "FAIRCHILD",
      "metadata": {
        "createdDate": "2020-03-06T20:24:55.456+0000",
        "createdByUserId": "99999999-9999-1999-8999-999999999901",
        "updatedDate": "2020-03-06T20:24:55.456+0000",
        "updatedByUserId": "99999999-9999-1999-8999-999999999901"
      }
    },
    {
      "id": "a07bc5a3-7e26-485d-a09a-e72ea4dbdbe3",
      "module": "NCIP",
      "configName": "Relais",
      "code": "checkin.service.point.code",
      "enabled": true,
      "value": "FAIRCHILD",
      "metadata": {
        "createdDate": "2020-03-06T20:24:55.479+0000",
        "createdByUserId": "99999999-9999-1999-8999-999999999901",
        "updatedDate": "2020-03-06T20:24:55.479+0000",
        "updatedByUserId": "99999999-9999-1999-8999-999999999901"
      }
    }
  ],
  "totalRecords": 12,
  "resultInfo": {
    "totalRecords": 12,
    "facets": [],
    "diagnostics": []
  }
}

09:31:12 [] [lu] [] [mod-ncip] INFO  FolioNcipHelper      #check in
09:31:12 [] [lu] [] [mod-ncip] INFO  FolioNcipHelper      checkin.service.point.code
09:31:12 [] [lu] [] [mod-ncip] INFO  FolioNcipHelper      Using timeout: 30000
09:31:12 [] [lu] [] [mod-ncip] INFO  FolioNcipHelper      GET:
09:31:12 [] [lu] [] [mod-ncip] INFO  FolioNcipHelper      http://localhost:54452/configurations/entries?query=code%3D%3D%22checkin.service.point.code%22&limit=200
09:31:12 [] [lu] [] [mod-ncip] INFO  FolioNcipHelper      200
09:31:12 [] [lu] [] [mod-ncip] INFO  FolioNcipHelper      {
  "configs": [
    {
      "id": "ecb9cf87-adcb-4be7-9253-e8caf8828ee6",
      "module": "NCIP",
      "configName": "Relais",
      "code": "instance.type.name",
      "enabled": true,
      "value": "PALCI",
      "metadata": {
        "createdDate": "2020-03-06T20:24:55.251+0000",
        "createdByUserId": "99999999-9999-1999-8999-999999999901",
        "updatedDate": "2020-03-06T20:24:55.251+0000",
        "updatedByUserId": "99999999-9999-1999-8999-999999999901"
      }
    },
    {
      "id": "ccf38c47-2614-43fa-9da5-82aeb32b6e11",
      "module": "NCIP",
      "configName": "Relais",
      "code": "instance.source",
      "enabled": true,
      "value": "PALCI",
      "metadata": {
        "createdDate": "2020-03-06T20:24:55.279+0000",
        "createdByUserId": "99999999-9999-1999-8999-999999999901",
        "updatedDate": "2020-03-06T20:24:55.279+0000",
        "updatedByUserId": "99999999-9999-1999-8999-999999999901"
      }
    },
    {
      "id": "c41a901e-ce08-4125-acc5-a5ed234f2c5c",
      "module": "NCIP",
      "configName": "Relais",
      "code": "item.material.type.name",
      "enabled": true,
      "value": "PALCI",
      "metadata": {
        "createdDate": "2020-03-06T20:24:55.304+0000",
        "createdByUserId": "99999999-9999-1999-8999-999999999901",
        "updatedDate": "2020-03-06T20:24:55.304+0000",
        "updatedByUserId": "99999999-9999-1999-8999-999999999901"
      }
    },
    {
      "id": "14b4f295-e9d0-4578-aeed-e1df25ce1022",
      "module": "NCIP",
      "configName": "Relais",
      "code": "item.perm.loan.type.name",
      "enabled": true,
      "value": "PALCI",
      "metadata": {
        "createdDate": "2020-03-06T20:24:55.329+0000",
        "createdByUserId": "99999999-9999-1999-8999-999999999901",
        "updatedDate": "2020-03-06T20:24:55.329+0000",
        "updatedByUserId": "99999999-9999-1999-8999-999999999901"
      }
    },
    {
      "id": "17d6ae7f-db78-41d0-827b-37f4e8113696",
      "module": "NCIP",
      "configName": "Relais",
      "code": "item.status.name",
      "enabled": true,
      "value": "Available",
      "metadata": {
        "createdDate": "2020-03-06T20:24:55.353+0000",
        "createdByUserId": "99999999-9999-1999-8999-999999999901",
        "updatedDate": "2020-03-06T20:24:55.353+0000",
        "updatedByUserId": "99999999-9999-1999-8999-999999999901"
      }
    },
    {
      "id": "ab333eac-823a-45bc-b5d8-71b694b1bb62",
      "module": "NCIP",
      "configName": "Relais",
      "code": "item.perm.location.code",
      "enabled": true,
      "value": "PALCI_LEHIGH",
      "metadata": {
        "createdDate": "2020-03-06T20:24:55.380+0000",
        "createdByUserId": "99999999-9999-1999-8999-999999999901",
        "updatedDate": "2020-03-06T20:24:55.380+0000",
        "updatedByUserId": "99999999-9999-1999-8999-999999999901"
      }
    },
    {
      "id": "f5bb149a-8ace-49ce-a2f9-8d3461e58faf",
      "module": "NCIP",
      "configName": "Relais",
      "code": "holdings.perm.location.code",
      "enabled": true,
      "value": "PALCI_LEHIGH",
      "metadata": {
        "createdDate": "2020-03-06T20:24:55.401+0000",
        "createdByUserId": "99999999-9999-1999-8999-999999999901",
        "updatedDate": "2020-03-06T20:24:55.401+0000",
        "updatedByUserId": "99999999-9999-1999-8999-999999999901"
      }
    },
    {
      "id": "ca6f52e1-5b7d-4a63-82f3-3d9b4b965766",
      "module": "NCIP",
      "configName": "Relais",
      "code": "instance.custom.identifier.name",
      "enabled": true,
      "value": "PALCI Request ID",
      "metadata": {
        "createdDate": "2020-03-06T20:24:55.426+0000",
        "createdByUserId": "99999999-9999-1999-8999-999999999901",
        "updatedDate": "2020-03-06T20:24:55.426+0000",
        "updatedByUserId": "99999999-9999-1999-8999-999999999901"
      }
    },
    {
      "id": "f6435c0a-d640-4c3e-b5ea-0b6f857c74f0",
      "module": "NCIP",
      "configName": "Relais",
      "code": "checkout.service.point.code",
      "enabled": true,
      "value": "FAIRCHILD",
      "metadata": {
        "createdDate": "2020-03-06T20:24:55.456+0000",
        "createdByUserId": "99999999-9999-1999-8999-999999999901",
        "updatedDate": "2020-03-06T20:24:55.456+0000",
        "updatedByUserId": "99999999-9999-1999-8999-999999999901"
      }
    },
    {
      "id": "a07bc5a3-7e26-485d-a09a-e72ea4dbdbe3",
      "module": "NCIP",
      "configName": "Relais",
      "code": "checkin.service.point.code",
      "enabled": true,
      "value": "FAIRCHILD",
      "metadata": {
        "createdDate": "2020-03-06T20:24:55.479+0000",
        "createdByUserId": "99999999-9999-1999-8999-999999999901",
        "updatedDate": "2020-03-06T20:24:55.479+0000",
        "updatedByUserId": "99999999-9999-1999-8999-999999999901"
      }
    }
  ],
  "totalRecords": 12,
  "resultInfo": {
    "totalRecords": 12,
    "facets": [],
    "diagnostics": []
  }
}

09:31:12 [] [lu] [] [mod-ncip] INFO  FolioNcipHelper      #lookup user
09:31:12 [] [lu] [] [mod-ncip] INFO  FolioNcipHelper      response.includes.physical.address=false
09:31:12 [] [lu] [] [mod-ncip] INFO  FolioNcipHelper      Using timeout: 30000
09:31:12 [] [lu] [] [mod-ncip] INFO  FolioNcipHelper      GET:
09:31:12 [] [lu] [] [mod-ncip] INFO  FolioNcipHelper      http://localhost:54452/configurations/entries?query=code%3D%3D%22response.includes.physical.address%22&limit=200
09:31:12 [] [lu] [] [mod-ncip] INFO  FolioNcipHelper      200
09:31:12 [] [lu] [] [mod-ncip] INFO  FolioNcipHelper      {
  "configs": [
    {
      "id": "ecb9cf87-adcb-4be7-9253-e8caf8828ee6",
      "module": "NCIP",
      "configName": "Relais",
      "code": "instance.type.name",
      "enabled": true,
      "value": "PALCI",
      "metadata": {
        "createdDate": "2020-03-06T20:24:55.251+0000",
        "createdByUserId": "99999999-9999-1999-8999-999999999901",
        "updatedDate": "2020-03-06T20:24:55.251+0000",
        "updatedByUserId": "99999999-9999-1999-8999-999999999901"
      }
    },
    {
      "id": "ccf38c47-2614-43fa-9da5-82aeb32b6e11",
      "module": "NCIP",
      "configName": "Relais",
      "code": "instance.source",
      "enabled": true,
      "value": "PALCI",
      "metadata": {
        "createdDate": "2020-03-06T20:24:55.279+0000",
        "createdByUserId": "99999999-9999-1999-8999-999999999901",
        "updatedDate": "2020-03-06T20:24:55.279+0000",
        "updatedByUserId": "99999999-9999-1999-8999-999999999901"
      }
    },
    {
      "id": "c41a901e-ce08-4125-acc5-a5ed234f2c5c",
      "module": "NCIP",
      "configName": "Relais",
      "code": "item.material.type.name",
      "enabled": true,
      "value": "PALCI",
      "metadata": {
        "createdDate": "2020-03-06T20:24:55.304+0000",
        "createdByUserId": "99999999-9999-1999-8999-999999999901",
        "updatedDate": "2020-03-06T20:24:55.304+0000",
        "updatedByUserId": "99999999-9999-1999-8999-999999999901"
      }
    },
    {
      "id": "14b4f295-e9d0-4578-aeed-e1df25ce1022",
      "module": "NCIP",
      "configName": "Relais",
      "code": "item.perm.loan.type.name",
      "enabled": true,
      "value": "PALCI",
      "metadata": {
        "createdDate": "2020-03-06T20:24:55.329+0000",
        "createdByUserId": "99999999-9999-1999-8999-999999999901",
        "updatedDate": "2020-03-06T20:24:55.329+0000",
        "updatedByUserId": "99999999-9999-1999-8999-999999999901"
      }
    },
    {
      "id": "17d6ae7f-db78-41d0-827b-37f4e8113696",
      "module": "NCIP",
      "configName": "Relais",
      "code": "item.status.name",
      "enabled": true,
      "value": "Available",
      "metadata": {
        "createdDate": "2020-03-06T20:24:55.353+0000",
        "createdByUserId": "99999999-9999-1999-8999-999999999901",
        "updatedDate": "2020-03-06T20:24:55.353+0000",
        "updatedByUserId": "99999999-9999-1999-8999-999999999901"
      }
    },
    {
      "id": "ab333eac-823a-45bc-b5d8-71b694b1bb62",
      "module": "NCIP",
      "configName": "Relais",
      "code": "item.perm.location.code",
      "enabled": true,
      "value": "PALCI_LEHIGH",
      "metadata": {
        "createdDate": "2020-03-06T20:24:55.380+0000",
        "createdByUserId": "99999999-9999-1999-8999-999999999901",
        "updatedDate": "2020-03-06T20:24:55.380+0000",
        "updatedByUserId": "99999999-9999-1999-8999-999999999901"
      }
    },
    {
      "id": "f5bb149a-8ace-49ce-a2f9-8d3461e58faf",
      "module": "NCIP",
      "configName": "Relais",
      "code": "holdings.perm.location.code",
      "enabled": true,
      "value": "PALCI_LEHIGH",
      "metadata": {
        "createdDate": "2020-03-06T20:24:55.401+0000",
        "createdByUserId": "99999999-9999-1999-8999-999999999901",
        "updatedDate": "2020-03-06T20:24:55.401+0000",
        "updatedByUserId": "99999999-9999-1999-8999-999999999901"
      }
    },
    {
      "id": "ca6f52e1-5b7d-4a63-82f3-3d9b4b965766",
      "module": "NCIP",
      "configName": "Relais",
      "code": "instance.custom.identifier.name",
      "enabled": true,
      "value": "PALCI Request ID",
      "metadata": {
        "createdDate": "2020-03-06T20:24:55.426+0000",
        "createdByUserId": "99999999-9999-1999-8999-999999999901",
        "updatedDate": "2020-03-06T20:24:55.426+0000",
        "updatedByUserId": "99999999-9999-1999-8999-999999999901"
      }
    },
    {
      "id": "f6435c0a-d640-4c3e-b5ea-0b6f857c74f0",
      "module": "NCIP",
      "configName": "Relais",
      "code": "checkout.service.point.code",
      "enabled": true,
      "value": "FAIRCHILD",
      "metadata": {
        "createdDate": "2020-03-06T20:24:55.456+0000",
        "createdByUserId": "99999999-9999-1999-8999-999999999901",
        "updatedDate": "2020-03-06T20:24:55.456+0000",
        "updatedByUserId": "99999999-9999-1999-8999-999999999901"
      }
    },
    {
      "id": "a07bc5a3-7e26-485d-a09a-e72ea4dbdbe3",
      "module": "NCIP",
      "configName": "Relais",
      "code": "checkin.service.point.code",
      "enabled": true,
      "value": "FAIRCHILD",
      "metadata": {
        "createdDate": "2020-03-06T20:24:55.479+0000",
        "createdByUserId": "99999999-9999-1999-8999-999999999901",
        "updatedDate": "2020-03-06T20:24:55.479+0000",
        "updatedByUserId": "99999999-9999-1999-8999-999999999901"
      }
    }
  ],
  "totalRecords": 12,
  "resultInfo": {
    "totalRecords": 12,
    "facets": [],
    "diagnostics": []
  }
}

09:31:12 [] [lu] [] [mod-ncip] INFO  FolioNcipHelper      user.priv.ok.status=ACTIVE
09:31:12 [] [lu] [] [mod-ncip] INFO  FolioNcipHelper      Using timeout: 30000
09:31:12 [] [lu] [] [mod-ncip] INFO  FolioNcipHelper      GET:
09:31:12 [] [lu] [] [mod-ncip] INFO  FolioNcipHelper      http://localhost:54452/configurations/entries?query=code%3D%3D%22user.priv.ok.status%22&limit=200
09:31:12 [] [lu] [] [mod-ncip] INFO  FolioNcipHelper      200
09:31:12 [] [lu] [] [mod-ncip] INFO  FolioNcipHelper      {
  "configs": [
    {
      "id": "ecb9cf87-adcb-4be7-9253-e8caf8828ee6",
      "module": "NCIP",
      "configName": "Relais",
      "code": "instance.type.name",
      "enabled": true,
      "value": "PALCI",
      "metadata": {
        "createdDate": "2020-03-06T20:24:55.251+0000",
        "createdByUserId": "99999999-9999-1999-8999-999999999901",
        "updatedDate": "2020-03-06T20:24:55.251+0000",
        "updatedByUserId": "99999999-9999-1999-8999-999999999901"
      }
    },
    {
      "id": "ccf38c47-2614-43fa-9da5-82aeb32b6e11",
      "module": "NCIP",
      "configName": "Relais",
      "code": "instance.source",
      "enabled": true,
      "value": "PALCI",
      "metadata": {
        "createdDate": "2020-03-06T20:24:55.279+0000",
        "createdByUserId": "99999999-9999-1999-8999-999999999901",
        "updatedDate": "2020-03-06T20:24:55.279+0000",
        "updatedByUserId": "99999999-9999-1999-8999-999999999901"
      }
    },
    {
      "id": "c41a901e-ce08-4125-acc5-a5ed234f2c5c",
      "module": "NCIP",
      "configName": "Relais",
      "code": "item.material.type.name",
      "enabled": true,
      "value": "PALCI",
      "metadata": {
        "createdDate": "2020-03-06T20:24:55.304+0000",
        "createdByUserId": "99999999-9999-1999-8999-999999999901",
        "updatedDate": "2020-03-06T20:24:55.304+0000",
        "updatedByUserId": "99999999-9999-1999-8999-999999999901"
      }
    },
    {
      "id": "14b4f295-e9d0-4578-aeed-e1df25ce1022",
      "module": "NCIP",
      "configName": "Relais",
      "code": "item.perm.loan.type.name",
      "enabled": true,
      "value": "PALCI",
      "metadata": {
        "createdDate": "2020-03-06T20:24:55.329+0000",
        "createdByUserId": "99999999-9999-1999-8999-999999999901",
        "updatedDate": "2020-03-06T20:24:55.329+0000",
        "updatedByUserId": "99999999-9999-1999-8999-999999999901"
      }
    },
    {
      "id": "17d6ae7f-db78-41d0-827b-37f4e8113696",
      "module": "NCIP",
      "configName": "Relais",
      "code": "item.status.name",
      "enabled": true,
      "value": "Available",
      "metadata": {
        "createdDate": "2020-03-06T20:24:55.353+0000",
        "createdByUserId": "99999999-9999-1999-8999-999999999901",
        "updatedDate": "2020-03-06T20:24:55.353+0000",
        "updatedByUserId": "99999999-9999-1999-8999-999999999901"
      }
    },
    {
      "id": "ab333eac-823a-45bc-b5d8-71b694b1bb62",
      "module": "NCIP",
      "configName": "Relais",
      "code": "item.perm.location.code",
      "enabled": true,
      "value": "PALCI_LEHIGH",
      "metadata": {
        "createdDate": "2020-03-06T20:24:55.380+0000",
        "createdByUserId": "99999999-9999-1999-8999-999999999901",
        "updatedDate": "2020-03-06T20:24:55.380+0000",
        "updatedByUserId": "99999999-9999-1999-8999-999999999901"
      }
    },
    {
      "id": "f5bb149a-8ace-49ce-a2f9-8d3461e58faf",
      "module": "NCIP",
      "configName": "Relais",
      "code": "holdings.perm.location.code",
      "enabled": true,
      "value": "PALCI_LEHIGH",
      "metadata": {
        "createdDate": "2020-03-06T20:24:55.401+0000",
        "createdByUserId": "99999999-9999-1999-8999-999999999901",
        "updatedDate": "2020-03-06T20:24:55.401+0000",
        "updatedByUserId": "99999999-9999-1999-8999-999999999901"
      }
    },
    {
      "id": "ca6f52e1-5b7d-4a63-82f3-3d9b4b965766",
      "module": "NCIP",
      "configName": "Relais",
      "code": "instance.custom.identifier.name",
      "enabled": true,
      "value": "PALCI Request ID",
      "metadata": {
        "createdDate": "2020-03-06T20:24:55.426+0000",
        "createdByUserId": "99999999-9999-1999-8999-999999999901",
        "updatedDate": "2020-03-06T20:24:55.426+0000",
        "updatedByUserId": "99999999-9999-1999-8999-999999999901"
      }
    },
    {
[...]
      }
    },
    {
      "id": "ca6f52e1-5b7d-4a63-82f3-3d9b4b965766",
      "module": "NCIP",
      "configName": "Relais",
      "code": "instance.custom.identifier.name",
      "enabled": true,
      "value": "PALCI Request ID",
      "metadata": {
        "createdDate": "2020-03-06T20:24:55.426+0000",
        "createdByUserId": "99999999-9999-1999-8999-999999999901",
        "updatedDate": "2020-03-06T20:24:55.426+0000",
        "updatedByUserId": "99999999-9999-1999-8999-999999999901"
      }
    },
    {
      "id": "f6435c0a-d640-4c3e-b5ea-0b6f857c74f0",
      "module": "NCIP",
      "configName": "Relais",
      "code": "checkout.service.point.code",
      "enabled": true,
      "value": "FAIRCHILD",
      "metadata": {
        "createdDate": "2020-03-06T20:24:55.456+0000",
        "createdByUserId": "99999999-9999-1999-8999-999999999901",
        "updatedDate": "2020-03-06T20:24:55.456+0000",
        "updatedByUserId": "99999999-9999-1999-8999-999999999901"
      }
    },
    {
      "id": "a07bc5a3-7e26-485d-a09a-e72ea4dbdbe3",
      "module": "NCIP",
      "configName": "Relais",
      "code": "checkin.service.point.code",
      "enabled": true,
      "value": "FAIRCHILD",
      "metadata": {
        "createdDate": "2020-03-06T20:24:55.479+0000",
        "createdByUserId": "99999999-9999-1999-8999-999999999901",
        "updatedDate": "2020-03-06T20:24:55.479+0000",
        "updatedByUserId": "99999999-9999-1999-8999-999999999901"
      }
    }
  ],
  "totalRecords": 12,
  "resultInfo": {
    "totalRecords": 12,
    "facets": [],
    "diagnostics": []
  }
}

09:31:15 [] [lu] [] [mod-ncip] INFO  FolioNcipHelper      user.priv.blocked.status=BLOCKED
09:31:15 [] [lu] [] [mod-ncip] INFO  FolioNcipHelper      Using timeout: 30000
09:31:15 [] [lu] [] [mod-ncip] INFO  FolioNcipHelper      GET:
09:31:15 [] [lu] [] [mod-ncip] INFO  FolioNcipHelper      http://localhost:54452/configurations/entries?query=code%3D%3D%22user.priv.blocked.status%22&limit=200
09:31:15 [] [lu] [] [mod-ncip] INFO  FolioNcipHelper      200
09:31:15 [] [lu] [] [mod-ncip] INFO  FolioNcipHelper      {
  "configs": [
    {
      "id": "ecb9cf87-adcb-4be7-9253-e8caf8828ee6",
      "module": "NCIP",
      "configName": "Relais",
      "code": "instance.type.name",
      "enabled": true,
      "value": "PALCI",
      "metadata": {
        "createdDate": "2020-03-06T20:24:55.251+0000",
        "createdByUserId": "99999999-9999-1999-8999-999999999901",
        "updatedDate": "2020-03-06T20:24:55.251+0000",
        "updatedByUserId": "99999999-9999-1999-8999-999999999901"
      }
    },
    {
      "id": "ccf38c47-2614-43fa-9da5-82aeb32b6e11",
      "module": "NCIP",
      "configName": "Relais",
      "code": "instance.source",
      "enabled": true,
      "value": "PALCI",
      "metadata": {
        "createdDate": "2020-03-06T20:24:55.279+0000",
        "createdByUserId": "99999999-9999-1999-8999-999999999901",
        "updatedDate": "2020-03-06T20:24:55.279+0000",
        "updatedByUserId": "99999999-9999-1999-8999-999999999901"
      }
    },
    {
      "id": "c41a901e-ce08-4125-acc5-a5ed234f2c5c",
      "module": "NCIP",
      "configName": "Relais",
      "code": "item.material.type.name",
      "enabled": true,
      "value": "PALCI",
      "metadata": {
        "createdDate": "2020-03-06T20:24:55.304+0000",
        "createdByUserId": "99999999-9999-1999-8999-999999999901",
        "updatedDate": "2020-03-06T20:24:55.304+0000",
        "updatedByUserId": "99999999-9999-1999-8999-999999999901"
      }
    },
    {
      "id": "14b4f295-e9d0-4578-aeed-e1df25ce1022",
      "module": "NCIP",
      "configName": "Relais",
      "code": "item.perm.loan.type.name",
      "enabled": true,
      "value": "PALCI",
      "metadata": {
        "createdDate": "2020-03-06T20:24:55.329+0000",
        "createdByUserId": "99999999-9999-1999-8999-999999999901",
        "updatedDate": "2020-03-06T20:24:55.329+0000",
        "updatedByUserId": "99999999-9999-1999-8999-999999999901"
      }
    },
    {
      "id": "17d6ae7f-db78-41d0-827b-37f4e8113696",
      "module": "NCIP",
      "configName": "Relais",
      "code": "item.status.name",
      "enabled": true,
      "value": "Available",
      "metadata": {
        "createdDate": "2020-03-06T20:24:55.353+0000",
        "createdByUserId": "99999999-9999-1999-8999-999999999901",
        "updatedDate": "2020-03-06T20:24:55.353+0000",
        "updatedByUserId": "99999999-9999-1999-8999-999999999901"
      }
    },
    {
      "id": "ab333eac-823a-45bc-b5d8-71b694b1bb62",
      "module": "NCIP",
      "configName": "Relais",
      "code": "item.perm.location.code",
      "enabled": true,
      "value": "PALCI_LEHIGH",
      "metadata": {
        "createdDate": "2020-03-06T20:24:55.380+0000",
        "createdByUserId": "99999999-9999-1999-8999-999999999901",
        "updatedDate": "2020-03-06T20:24:55.380+0000",
        "updatedByUserId": "99999999-9999-1999-8999-999999999901"
      }
    },
    {
      "id": "f5bb149a-8ace-49ce-a2f9-8d3461e58faf",
      "module": "NCIP",
      "configName": "Relais",
      "code": "holdings.perm.location.code",
      "enabled": true,
      "value": "PALCI_LEHIGH",
      "metadata": {
        "createdDate": "2020-03-06T20:24:55.401+0000",
        "createdByUserId": "99999999-9999-1999-8999-999999999901",
        "updatedDate": "2020-03-06T20:24:55.401+0000",
        "updatedByUserId": "99999999-9999-1999-8999-999999999901"
      }
    },
    {
      "id": "ca6f52e1-5b7d-4a63-82f3-3d9b4b965766",
      "module": "NCIP",
      "configName": "Relais",
      "code": "instance.custom.identifier.name",
      "enabled": true,
      "value": "PALCI Request ID",
      "metadata": {
        "createdDate": "2020-03-06T20:24:55.426+0000",
        "createdByUserId": "99999999-9999-1999-8999-999999999901",
        "updatedDate": "2020-03-06T20:24:55.426+0000",
        "updatedByUserId": "99999999-9999-1999-8999-999999999901"
      }
    },
    {
      "id": "f6435c0a-d640-4c3e-b5ea-0b6f857c74f0",
      "module": "NCIP",
      "configName": "Relais",
      "code": "checkout.service.point.code",
      "enabled": true,
      "value": "FAIRCHILD",
      "metadata": {
        "createdDate": "2020-03-06T20:24:55.456+0000",
        "createdByUserId": "99999999-9999-1999-8999-999999999901",
        "updatedDate": "2020-03-06T20:24:55.456+0000",
        "updatedByUserId": "99999999-9999-1999-8999-999999999901"
      }
    },
    {
      "id": "a07bc5a3-7e26-485d-a09a-e72ea4dbdbe3",
      "module": "NCIP",
      "configName": "Relais",
      "code": "checkin.service.point.code",
      "enabled": true,
      "value": "FAIRCHILD",
      "metadata": {
        "createdDate": "2020-03-06T20:24:55.479+0000",
        "createdByUserId": "99999999-9999-1999-8999-999999999901",
        "updatedDate": "2020-03-06T20:24:55.479+0000",
        "updatedByUserId": "99999999-9999-1999-8999-999999999901"
      }
    }
  ],
  "totalRecords": 12,
  "resultInfo": {
    "totalRecords": 12,
    "facets": [],
    "diagnostics": []
  }
}

09:31:15 [] [lu] [] [mod-ncip] INFO  FolioNcipHelper      =======> initializing address types
09:31:15 [] [lu] [] [mod-ncip] INFO  FolioNcipHelper      Using timeout: 30000
09:31:15 [] [lu] [] [mod-ncip] INFO  FolioNcipHelper      GET:
09:31:15 [] [lu] [] [mod-ncip] INFO  FolioNcipHelper      http://localhost:54452/addresstypes
09:31:15 [] [lu] [] [mod-ncip] INFO  FolioNcipHelper      404
09:31:15 [] [lu] [] [mod-ncip] INFO  FolioNcipHelper      <html><body><h1>Resource not found</h1></body></html>
09:31:15 [] [lu] [] [mod-ncip] FATAL FolioNcipHelper      callApiGet failed
09:31:15 [] [lu] [] [mod-ncip] FATAL FolioNcipHelper      http://localhost:54452/addresstypes
09:31:15 [] [lu] [] [mod-ncip] FATAL FolioNcipHelper      Unable to initialize address types.
09:31:15 [] [lu] [] [mod-ncip] FATAL FolioNcipHelper      
09:31:15 [] [lu] [] [mod-ncip] INFO  RemoteServiceManager Using timeout: 30000
09:31:15 [] [lu] [] [mod-ncip] INFO  RemoteServiceManager GET:
09:31:15 [] [lu] [] [mod-ncip] INFO  RemoteServiceManager http://localhost:54452/users?query=%28barcode%3D%3D%225551213%22%20or%20externalSystemId%3D%3D%225551213%22%20or%20username%3D%3D%225551213%22%29
09:31:15 [] [lu] [] [mod-ncip] INFO  RemoteServiceManager 200
09:31:15 [] [lu] [] [mod-ncip] INFO  RemoteServiceManager {
  "users" : [ {
    "username" : "myluid",
    "id" : "99999999-9999-1999-8999-999999999902",
    "barcode" : "5551213",
    "active" : true,
    "type" : "patron",
    "patronGroup" : "dac3aab4-7a86-422b-b5fc-6fbf7afd7aeb",
    "meta" : {
      "creation_date" : "2016-11-05T0723",
      "last_login_date" : ""
    },
    "proxyFor" : [ ],
    "personal" : {
      "lastName" : "Jane",
      "firstName" : "Doe",
      "email" : "mireille@kihn-dickinson.ki",
      "phone" : "594.555.1212",
      "addresses" : [ ]
    },
    "createdDate" : "2019-09-18T15:23:06.191+0000",
    "updatedDate" : "2019-09-18T15:23:06.191+0000"
  } ],
  "totalRecords" : 1,
  "resultInfo" : {
    "totalRecords" : 1,
    "facets" : [ ],
    "diagnostics" : [ ]
  }
}

09:31:15 [] [] [] [] INFO  RemoteServiceManager Using timeout: 30000
09:31:15 [] [] [] [] INFO  RemoteServiceManager Using timeout: 30000
09:31:15 [] [] [] [] INFO  RemoteServiceManager Using timeout: 30000
09:31:15 [] [] [] [] INFO  RemoteServiceManager Using timeout: 30000
09:31:15 [] [] [] [] INFO  RemoteServiceManager GET:
09:31:15 [] [] [] [] INFO  RemoteServiceManager http://localhost:54452/service-points-users?query=query=(userId%3D%3D%2299999999-9999-1999-8999-999999999902%22%29&limit=700
09:31:15 [] [] [] [] INFO  RemoteServiceManager 200
09:31:15 [] [] [] [] INFO  RemoteServiceManager {
  "servicepoints" : [ {
    "id" : "29faacf1-4ba4-42c7-8b2a-566b259e4641",
    "name" : "Fairchild Martindale",
    "code" : "FAIRCHILD",
    "discoveryDisplayName" : "Fairchild Martindale",
    "shelvingLagTime" : 10,
    "pickupLocation" : true,
    "holdShelfExpiryPeriod" : {
      "duration" : 5,
      "intervalId" : "Days"
    },
    "staffSlips" : [ ]
  } ],
  "totalRecords" : 1
}

09:31:15 [] [] [] [] INFO  RemoteServiceManager GET:
09:31:15 [] [] [] [] INFO  RemoteServiceManager http://localhost:54452/manualblocks?query=query=(userId%3D%3D%2299999999-9999-1999-8999-999999999902%22%29&limit=100
09:31:15 [] [] [] [] INFO  RemoteServiceManager 200
09:31:15 [] [] [] [] INFO  RemoteServiceManager  {
  "manualblocks" : [ {
    "type" : "Manual",
    "desc" : "test block",
    "borrowing" : true,
    "renewals" : true,
    "requests" : true,
    "userId" : "99999999-9999-1999-8999-999999999902",
    "metadata" : {
      "createdDate" : "2019-10-09T14:04:27.695+0000",
      "createdByUserId" : "99999999-9999-1999-8999-999999999901",
      "updatedDate" : "2019-10-09T14:04:27.695+0000",
      "updatedByUserId" : "99999999-9999-1999-8999-999999999901"
    },
    "id" : "1c176c69-206c-4e9b-9bd7-79e583766ff1"
  } ],
  "totalRecords" : 1
}

09:31:15 [] [] [] [] INFO  RemoteServiceManager GET:
09:31:15 [] [] [] [] INFO  RemoteServiceManager http://localhost:54452/groups/dac3aab4-7a86-422b-b5fc-6fbf7afd7aeb
09:31:15 [] [] [] [] INFO  RemoteServiceManager 200
09:31:15 [] [] [] [] INFO  RemoteServiceManager {
  "group" : "GRAD",
  "desc" : "GRAD",
  "id" : "dac3aab4-7a86-422b-b5fc-6fbf7afd7aeb"
}

09:31:15 [] [] [] [] INFO  RemoteServiceManager GET:
09:31:15 [] [] [] [] INFO  RemoteServiceManager http://localhost:54452/automated-patron-blocks/99999999-9999-1999-8999-999999999902
09:31:15 [] [] [] [] INFO  RemoteServiceManager 200
09:31:15 [] [] [] [] INFO  RemoteServiceManager {
  "automatedPatronBlocks" : [ ],
  "totalRecords" : 0
}

09:31:15 [] [lu] [] [mod-ncip] INFO  RemoteServiceManager patron does not have a preferred service point assigned
The result is: <?xml version="1.0" encoding="UTF-8" standalone="yes"?><ns1:NCIPMessage xmlns:ns1="http://www.niso.org/2008/ncip" ns1:version="http://www.niso.org/schemas/ncip/v2_0/imp1/xsd/ncip_v2_0.xsd"><ns1:LookupUserResponse><ns1:UserId><ns1:AgencyId>Relais</ns1:AgencyId><ns1:UserIdentifierType>barcode</ns1:UserIdentifierType><ns1:UserIdentifierValue>5551213</ns1:UserIdentifierValue></ns1:UserId><ns1:UserOptionalFields><ns1:NameInformation><ns1:PersonalNameInformation><ns1:StructuredPersonalUserName><ns1:GivenName>Doe</ns1:GivenName><ns1:Surname>Jane</ns1:Surname></ns1:StructuredPersonalUserName><ns1:UnstructuredPersonalUserName>Doe Jane</ns1:UnstructuredPersonalUserName></ns1:PersonalNameInformation></ns1:NameInformation><ns1:UserAddressInformation><ns1:UserAddressRoleType>OTH</ns1:UserAddressRoleType><ns1:ElectronicAddress><ns1:ElectronicAddressType>electronic mail address</ns1:ElectronicAddressType><ns1:ElectronicAddressData>mireille@kihn-dickinson.ki</ns1:ElectronicAddressData></ns1:ElectronicAddress></ns1:UserAddressInformation><ns1:UserAddressInformation><ns1:UserAddressRoleType>OTH</ns1:UserAddressRoleType><ns1:ElectronicAddress><ns1:ElectronicAddressType>TEL</ns1:ElectronicAddressType><ns1:ElectronicAddressData>594.555.1212</ns1:ElectronicAddressData></ns1:ElectronicAddress></ns1:UserAddressInformation><ns1:UserPrivilege><ns1:AgencyId>Relais</ns1:AgencyId><ns1:AgencyUserPrivilegeType ns1:Scheme="">PROFILE</ns1:AgencyUserPrivilegeType><ns1:UserPrivilegeStatus><ns1:UserPrivilegeStatusType ns1:Scheme="">GRAD</ns1:UserPrivilegeStatusType></ns1:UserPrivilegeStatus><ns1:UserPrivilegeDescription>User Profile</ns1:UserPrivilegeDescription></ns1:UserPrivilege><ns1:UserPrivilege><ns1:AgencyId>Relais</ns1:AgencyId><ns1:AgencyUserPrivilegeType ns1:Scheme="">LIBRARY</ns1:AgencyUserPrivilegeType><ns1:UserPrivilegeStatus><ns1:UserPrivilegeStatusType ns1:Scheme=""/></ns1:UserPrivilegeStatus><ns1:UserPrivilegeDescription>User Library</ns1:UserPrivilegeDescription></ns1:UserPrivilege><ns1:UserPrivilege><ns1:AgencyId>Relais</ns1:AgencyId><ns1:AgencyUserPrivilegeType ns1:Scheme="">STATUS</ns1:AgencyUserPrivilegeType><ns1:UserPrivilegeStatus><ns1:UserPrivilegeStatusType ns1:Scheme="">BLOCKED</ns1:UserPrivilegeStatusType></ns1:UserPrivilegeStatus><ns1:UserPrivilegeDescription>User Status</ns1:UserPrivilegeDescription></ns1:UserPrivilege></ns1:UserOptionalFields></ns1:LookupUserResponse></ns1:NCIPMessage>
<ns1:NCIPMessage xmlns:ns1="http://www.niso.org/2008/ncip" ns1:version="http://www.niso.org/schemas/ncip/v2_0/imp1/xsd/ncip_v2_0.xsd">
  <ns1:LookupUserResponse>
    <ns1:UserId>
      <ns1:AgencyId>Relais</ns1:AgencyId>
      <ns1:UserIdentifierType>barcode</ns1:UserIdentifierType>
      <ns1:UserIdentifierValue>5551213</ns1:UserIdentifierValue>
    </ns1:UserId>
    <ns1:UserOptionalFields>
      <ns1:NameInformation>
        <ns1:PersonalNameInformation>
          <ns1:StructuredPersonalUserName>
            <ns1:GivenName>Doe</ns1:GivenName>
            <ns1:Surname>Jane</ns1:Surname>
          </ns1:StructuredPersonalUserName>
          <ns1:UnstructuredPersonalUserName>Doe Jane</ns1:UnstructuredPersonalUserName>
        </ns1:PersonalNameInformation>
      </ns1:NameInformation>
      <ns1:UserAddressInformation>
        <ns1:UserAddressRoleType>OTH</ns1:UserAddressRoleType>
        <ns1:ElectronicAddress>
          <ns1:ElectronicAddressType>electronic mail address</ns1:ElectronicAddressType>
          <ns1:ElectronicAddressData>mireille@kihn-dickinson.ki</ns1:ElectronicAddressData>
        </ns1:ElectronicAddress>
      </ns1:UserAddressInformation>
      <ns1:UserAddressInformation>
        <ns1:UserAddressRoleType>OTH</ns1:UserAddressRoleType>
        <ns1:ElectronicAddress>
          <ns1:ElectronicAddressType>TEL</ns1:ElectronicAddressType>
          <ns1:ElectronicAddressData>594.555.1212</ns1:ElectronicAddressData>
        </ns1:ElectronicAddress>
      </ns1:UserAddressInformation>
      <ns1:UserPrivilege>
        <ns1:AgencyId>Relais</ns1:AgencyId>
        <ns1:AgencyUserPrivilegeType ns1:Scheme="">PROFILE</ns1:AgencyUserPrivilegeType>
        <ns1:UserPrivilegeStatus>
          <ns1:UserPrivilegeStatusType ns1:Scheme="">GRAD</ns1:UserPrivilegeStatusType>
        </ns1:UserPrivilegeStatus>
        <ns1:UserPrivilegeDescription>User Profile</ns1:UserPrivilegeDescription>
      </ns1:UserPrivilege>
      <ns1:UserPrivilege>
        <ns1:AgencyId>Relais</ns1:AgencyId>
        <ns1:AgencyUserPrivilegeType ns1:Scheme="">LIBRARY</ns1:AgencyUserPrivilegeType>
        <ns1:UserPrivilegeStatus>
          <ns1:UserPrivilegeStatusType ns1:Scheme=""/>
        </ns1:UserPrivilegeStatus>
        <ns1:UserPrivilegeDescription>User Library</ns1:UserPrivilegeDescription>
      </ns1:UserPrivilege>
      <ns1:UserPrivilege>
        <ns1:AgencyId>Relais</ns1:AgencyId>
        <ns1:AgencyUserPrivilegeType ns1:Scheme="">STATUS</ns1:AgencyUserPrivilegeType>
        <ns1:UserPrivilegeStatus>
          <ns1:UserPrivilegeStatusType ns1:Scheme="">BLOCKED</ns1:UserPrivilegeStatusType>
        </ns1:UserPrivilegeStatus>
        <ns1:UserPrivilegeDescription>User Status</ns1:UserPrivilegeDescription>
      </ns1:UserPrivilege>
    </ns1:UserOptionalFields>
  </ns1:LookupUserResponse>
</ns1:NCIPMessage>
<ns1:NCIPMessage xmlns:ns1="http://www.niso.org/2008/ncip" ns1:version="http://www.niso.org/schemas/ncip/v2_0/imp1/xsd/ncip_v2_0.xsd">
  <ns1:LookupUserResponse>
    <ns1:UserId>
      <ns1:AgencyId>Relais</ns1:AgencyId>
      <ns1:UserIdentifierType>barcode</ns1:UserIdentifierType>
      <ns1:UserIdentifierValue>5551213</ns1:UserIdentifierValue>
    </ns1:UserId>
    <ns1:UserOptionalFields>
      <ns1:NameInformation>
        <ns1:PersonalNameInformation>
          <ns1:StructuredPersonalUserName>
            <ns1:GivenName>Doe</ns1:GivenName>
            <ns1:Surname>Jane</ns1:Surname>
          </ns1:StructuredPersonalUserName>
          <ns1:UnstructuredPersonalUserName>Doe Jane</ns1:UnstructuredPersonalUserName>
        </ns1:PersonalNameInformation>
      </ns1:NameInformation>
      <ns1:UserAddressInformation>
        <ns1:UserAddressRoleType>OTH</ns1:UserAddressRoleType>
        <ns1:ElectronicAddress>
          <ns1:ElectronicAddressType>electronic mail address</ns1:ElectronicAddressType>
          <ns1:ElectronicAddressData>mireille@kihn-dickinson.ki</ns1:ElectronicAddressData>
        </ns1:ElectronicAddress>
      </ns1:UserAddressInformation>
      <ns1:UserAddressInformation>
        <ns1:UserAddressRoleType>OTH</ns1:UserAddressRoleType>
        <ns1:ElectronicAddress>
          <ns1:ElectronicAddressType>TEL</ns1:ElectronicAddressType>
          <ns1:ElectronicAddressData>594.555.1212</ns1:ElectronicAddressData>
        </ns1:ElectronicAddress>
      </ns1:UserAddressInformation>
      <ns1:UserPrivilege>
        <ns1:AgencyId>Relais</ns1:AgencyId>
        <ns1:AgencyUserPrivilegeType ns1:Scheme="">PROFILE</ns1:AgencyUserPrivilegeType>
        <ns1:UserPrivilegeStatus>
          <ns1:UserPrivilegeStatusType ns1:Scheme="">GRAD</ns1:UserPrivilegeStatusType>
        </ns1:UserPrivilegeStatus>
        <ns1:UserPrivilegeDescription>User Profile</ns1:UserPrivilegeDescription>
      </ns1:UserPrivilege>
      <ns1:UserPrivilege>
        <ns1:AgencyId>Relais</ns1:AgencyId>
        <ns1:AgencyUserPrivilegeType ns1:Scheme="">LIBRARY</ns1:AgencyUserPrivilegeType>
        <ns1:UserPrivilegeStatus>
          <ns1:UserPrivilegeStatusType ns1:Scheme=""/>
        </ns1:UserPrivilegeStatus>
        <ns1:UserPrivilegeDescription>User Library</ns1:UserPrivilegeDescription>
      </ns1:UserPrivilege>
      <ns1:UserPrivilege>
        <ns1:AgencyId>Relais</ns1:AgencyId>
        <ns1:AgencyUserPrivilegeType ns1:Scheme="">STATUS</ns1:AgencyUserPrivilegeType>
        <ns1:UserPrivilegeStatus>
          <ns1:UserPrivilegeStatusType ns1:Scheme="">BLOCKED</ns1:UserPrivilegeStatusType>
        </ns1:UserPrivilegeStatus>
        <ns1:UserPrivilegeDescription>User Status</ns1:UserPrivilegeDescription>
      </ns1:UserPrivilege>
    </ns1:UserOptionalFields>
  </ns1:LookupUserResponse>
</ns1:NCIPMessage>
]]></system-out>
  </testcase>
</testsuite>